Symlinking /home/c104/catkin_ws/devel/include/ssafy_1/AddTwoInts.h
Symlinking /home/c104/catkin_ws/devel/include/ssafy_1/AddTwoIntsRequest.h
Symlinking /home/c104/catkin_ws/devel/include/ssafy_1/AddTwoIntsResponse.h
Symlinking /home/c104/catkin_ws/devel/include/ssafy_1/student.h
Symlinking /home/c104/catkin_ws/devel/lib/python3/dist-packages/ssafy_1/__init__.py
Symlinking /home/c104/catkin_ws/devel/lib/python3/dist-packages/ssafy_1/msg/_student.py
Symlinking /home/c104/catkin_ws/devel/lib/python3/dist-packages/ssafy_1/msg/__init__.py
Symlinking /home/c104/catkin_ws/devel/lib/python3/dist-packages/ssafy_1/srv/_AddTwoInts.py
Symlinking /home/c104/catkin_ws/devel/lib/python3/dist-packages/ssafy_1/srv/__init__.py
Symlinking /home/c104/catkin_ws/devel/lib/pkgconfig/ssafy_1.pc
Symlinking /home/c104/catkin_ws/devel/share/ssafy_1/cmake/ssafy_1-msg-extras.cmake
Symlinking /home/c104/catkin_ws/devel/share/ssafy_1/cmake/ssafy_1-msg-paths.cmake
Symlinking /home/c104/catkin_ws/devel/share/ssafy_1/cmake/ssafy_1Config.cmake
Symlinking /home/c104/catkin_ws/devel/share/ssafy_1/cmake/ssafy_1Config-version.cmake
Symlinking /home/c104/catkin_ws/devel/share/roseus/ros/ssafy_1/manifest.l
Symlinking /home/c104/catkin_ws/devel/share/roseus/ros/ssafy_1/msg/student.l
Symlinking /home/c104/catkin_ws/devel/share/roseus/ros/ssafy_1/srv/AddTwoInts.l
Symlinking /home/c104/catkin_ws/devel/share/common-lisp/ros/ssafy_1/msg/_package.lisp
Symlinking /home/c104/catkin_ws/devel/share/common-lisp/ros/ssafy_1/msg/_package_student.lisp
Symlinking /home/c104/catkin_ws/devel/share/common-lisp/ros/ssafy_1/msg/ssafy_1-msg.asd
Symlinking /home/c104/catkin_ws/devel/share/common-lisp/ros/ssafy_1/msg/student.lisp
Symlinking /home/c104/catkin_ws/devel/share/common-lisp/ros/ssafy_1/srv/_package.lisp
Symlinking /home/c104/catkin_ws/devel/share/common-lisp/ros/ssafy_1/srv/_package_AddTwoInts.lisp
Symlinking /home/c104/catkin_ws/devel/share/common-lisp/ros/ssafy_1/srv/ssafy_1-srv.asd
Symlinking /home/c104/catkin_ws/devel/share/common-lisp/ros/ssafy_1/srv/AddTwoInts.lisp
Symlinking /home/c104/catkin_ws/devel/share/gennodejs/ros/ssafy_1/_index.js
Symlinking /home/c104/catkin_ws/devel/share/gennodejs/ros/ssafy_1/msg/_index.js
Symlinking /home/c104/catkin_ws/devel/share/gennodejs/ros/ssafy_1/msg/student.js
Symlinking /home/c104/catkin_ws/devel/share/gennodejs/ros/ssafy_1/srv/AddTwoInts.js
Symlinking /home/c104/catkin_ws/devel/share/gennodejs/ros/ssafy_1/srv/_index.js
