[  0%] Built target std_msgs_generate_messages_eus
[  0%] Built target std_msgs_generate_messages_lisp
[  0%] Built target std_msgs_generate_messages_nodejs
[  0%] Built target _ssafy_1_generate_messages_check_deps_AddTwoInts
[  0%] Built target _ssafy_1_generate_messages_check_deps_student
[  0%] Built target std_msgs_generate_messages_py
[  7%] [34m[1mGenerating Lisp code from ssafy_1/student.msg[0m
[ 15%] [34m[1mGenerating EusLisp code from ssafy_1/student.msg[0m
[ 15%] Built target std_msgs_generate_messages_cpp
[ 23%] [34m[1mGenerating Javascript code from ssafy_1/student.msg[0m
[ 30%] [34m[1mGenerating Python from MSG ssafy_1/student[0m
[ 38%] [34m[1mGenerating Lisp code from ssafy_1/AddTwoInts.srv[0m
[ 46%] [34m[1mGenerating Javascript code from ssafy_1/AddTwoInts.srv[0m
[ 53%] [34m[1mGenerating EusLisp code from ssafy_1/AddTwoInts.srv[0m
[ 61%] [34m[1mGenerating EusLisp manifest code for ssafy_1[0m
[ 61%] Built target ssafy_1_generate_messages_nodejs
[ 61%] Built target ssafy_1_generate_messages_lisp
[ 69%] [34m[1mGenerating Python code from SRV ssafy_1/AddTwoInts[0m
[ 76%] [34m[1mGenerating C++ code from ssafy_1/student.msg[0m
[ 84%] [34m[1mGenerating C++ code from ssafy_1/AddTwoInts.srv[0m
[ 92%] [34m[1mGenerating Python msg __init__.py for ssafy_1[0m
[100%] [34m[1mGenerating Python srv __init__.py for ssafy_1[0m
[100%] Built target ssafy_1_generate_messages_cpp
[100%] Built target ssafy_1_generate_messages_py
[100%] Built target ssafy_1_generate_messages_eus
[100%] Built target ssafy_1_generate_messages
