Symlinking /home/c104/catkin_ws/devel/include/morai_msgs/SyncModeCtrlCmd.h
Symlinking /home/c104/catkin_ws/devel/include/morai_msgs/MoraiSyncModeCtrlCmdSrvResponse.h
Symlinking /home/c104/catkin_ws/devel/include/morai_msgs/PREventSrvResponse.h
Symlinking /home/c104/catkin_ws/devel/include/morai_msgs/MoraiTLInfoSrv.h
Symlinking /home/c104/catkin_ws/devel/include/morai_msgs/EgoVehicleStatus.h
Symlinking /home/c104/catkin_ws/devel/include/morai_msgs/MoraiTLInfoSrvResponse.h
Symlinking /home/c104/catkin_ws/devel/include/morai_msgs/MoraiVehicleSpecSrvResponse.h
Symlinking /home/c104/catkin_ws/devel/include/morai_msgs/CtrlCmd.h
Symlinking /home/c104/catkin_ws/devel/include/morai_msgs/PRStatus.h
Symlinking /home/c104/catkin_ws/devel/include/morai_msgs/MoraiSyncModeCmdSrvResponse.h
Symlinking /home/c104/catkin_ws/devel/include/morai_msgs/SyncModeSetGear.h
Symlinking /home/c104/catkin_ws/devel/include/morai_msgs/MoraiSyncModeCtrlCmdSrv.h
Symlinking /home/c104/catkin_ws/devel/include/morai_msgs/SyncModeCmdResponse.h
Symlinking /home/c104/catkin_ws/devel/include/morai_msgs/SyncModeCmd.h
Symlinking /home/c104/catkin_ws/devel/include/morai_msgs/MoraiSyncModeRemoveObjectSrv.h
Symlinking /home/c104/catkin_ws/devel/include/morai_msgs/SkidSteer6wUGVCtrlCmd.h
Symlinking /home/c104/catkin_ws/devel/include/morai_msgs/MoraiTLInfoSrvRequest.h
Symlinking /home/c104/catkin_ws/devel/include/morai_msgs/MoraiMapSpecSrvRequest.h
Symlinking /home/c104/catkin_ws/devel/include/morai_msgs/MoraiEventCmdSrvResponse.h
Symlinking /home/c104/catkin_ws/devel/include/morai_msgs/VehicleCollision.h
Symlinking /home/c104/catkin_ws/devel/include/morai_msgs/MapSpecIndex.h
Symlinking /home/c104/catkin_ws/devel/include/morai_msgs/SyncModeResultResponse.h
Symlinking /home/c104/catkin_ws/devel/include/morai_msgs/ScenarioLoad.h
Symlinking /home/c104/catkin_ws/devel/include/morai_msgs/TrafficLight.h
Symlinking /home/c104/catkin_ws/devel/include/morai_msgs/PREventSrvRequest.h
Symlinking /home/c104/catkin_ws/devel/include/morai_msgs/Lamps.h
Symlinking /home/c104/catkin_ws/devel/include/morai_msgs/IntersectionControl.h
Symlinking /home/c104/catkin_ws/devel/include/morai_msgs/MoraiSimpProcSrvRequest.h
Symlinking /home/c104/catkin_ws/devel/include/morai_msgs/MoraiSrvResponse.h
Symlinking /home/c104/catkin_ws/devel/include/morai_msgs/GetTrafficLightStatus.h
Symlinking /home/c104/catkin_ws/devel/include/morai_msgs/MoraiWaitForTickSrvRequest.h
Symlinking /home/c104/catkin_ws/devel/include/morai_msgs/MoraiSyncModeSetGearSrvResponse.h
Symlinking /home/c104/catkin_ws/devel/include/morai_msgs/MoraiSimProcStatus.h
Symlinking /home/c104/catkin_ws/devel/include/morai_msgs/MoraiScenarioLoadSrv.h
Symlinking /home/c104/catkin_ws/devel/include/morai_msgs/MoraiSyncModeAddObjectSrv.h
Symlinking /home/c104/catkin_ws/devel/include/morai_msgs/MoraiTLIndex.h
Symlinking /home/c104/catkin_ws/devel/include/morai_msgs/MoraiWaitForTickSrvResponse.h
Symlinking /home/c104/catkin_ws/devel/include/morai_msgs/GhostMessage.h
Symlinking /home/c104/catkin_ws/devel/include/morai_msgs/WaitForTick.h
Symlinking /home/c104/catkin_ws/devel/include/morai_msgs/ERP42Info.h
Symlinking /home/c104/catkin_ws/devel/include/morai_msgs/ObjectStatusExtended.h
Symlinking /home/c104/catkin_ws/devel/include/morai_msgs/NpcGhostCmd.h
Symlinking /home/c104/catkin_ws/devel/include/morai_msgs/MoraiSyncModeAddObjectSrvResponse.h
Symlinking /home/c104/catkin_ws/devel/include/morai_msgs/SkidSteer6wUGVStatus.h
Symlinking /home/c104/catkin_ws/devel/include/morai_msgs/MoraiVehicleSpecSrvRequest.h
Symlinking /home/c104/catkin_ws/devel/include/morai_msgs/SkateboardStatus.h
Symlinking /home/c104/catkin_ws/devel/include/morai_msgs/MoraiSyncModeSetGearSrvRequest.h
Symlinking /home/c104/catkin_ws/devel/include/morai_msgs/SyncModeAddObject.h
Symlinking /home/c104/catkin_ws/devel/include/morai_msgs/CollisionData.h
Symlinking /home/c104/catkin_ws/devel/include/morai_msgs/SyncModeRemoveObject.h
Symlinking /home/c104/catkin_ws/devel/include/morai_msgs/MoraiEventCmdSrv.h
Symlinking /home/c104/catkin_ws/devel/include/morai_msgs/SensorPosControl.h
Symlinking /home/c104/catkin_ws/devel/include/morai_msgs/MoraiSyncModeSLSrvRequest.h
Symlinking /home/c104/catkin_ws/devel/include/morai_msgs/MoraiTLInfo.h
Symlinking /home/c104/catkin_ws/devel/include/morai_msgs/MoraiSyncModeCmdSrv.h
Symlinking /home/c104/catkin_ws/devel/include/morai_msgs/SyncModeInfo.h
Symlinking /home/c104/catkin_ws/devel/include/morai_msgs/SyncModeScenarioLoad.h
Symlinking /home/c104/catkin_ws/devel/include/morai_msgs/MoraiSyncModeRemoveObjectSrvRequest.h
Symlinking /home/c104/catkin_ws/devel/include/morai_msgs/MoraiMapSpecSrv.h
Symlinking /home/c104/catkin_ws/devel/include/morai_msgs/SetTrafficLight.h
Symlinking /home/c104/catkin_ws/devel/include/morai_msgs/MoraiSyncModeRemoveObjectSrvResponse.h
Symlinking /home/c104/catkin_ws/devel/include/morai_msgs/VehicleSpec.h
Symlinking /home/c104/catkin_ws/devel/include/morai_msgs/EventInfo.h
Symlinking /home/c104/catkin_ws/devel/include/morai_msgs/MoraiMapSpecSrvResponse.h
Symlinking /home/c104/catkin_ws/devel/include/morai_msgs/VehicleCollisionData.h
Symlinking /home/c104/catkin_ws/devel/include/morai_msgs/MoraiSimpProcSrvResponse.h
Symlinking /home/c104/catkin_ws/devel/include/morai_msgs/SkateboardCtrlCmd.h
Symlinking /home/c104/catkin_ws/devel/include/morai_msgs/IntscnTL.h
Symlinking /home/c104/catkin_ws/devel/include/morai_msgs/SaveSensorData.h
Symlinking /home/c104/catkin_ws/devel/include/morai_msgs/RadarDetections.h
Symlinking /home/c104/catkin_ws/devel/include/morai_msgs/ObjectStatus.h
Symlinking /home/c104/catkin_ws/devel/include/morai_msgs/PREventSrv.h
Symlinking /home/c104/catkin_ws/devel/include/morai_msgs/EgoVehicleStatusExtended.h
Symlinking /home/c104/catkin_ws/devel/include/morai_msgs/MoraiScenarioLoadSrvRequest.h
Symlinking /home/c104/catkin_ws/devel/include/morai_msgs/MoraiSimpProcSrv.h
Symlinking /home/c104/catkin_ws/devel/include/morai_msgs/MoraiSyncModeSetGearSrv.h
Symlinking /home/c104/catkin_ws/devel/include/morai_msgs/MoraiSyncModeSLSrv.h
Symlinking /home/c104/catkin_ws/devel/include/morai_msgs/ObjectStatusList.h
Symlinking /home/c104/catkin_ws/devel/include/morai_msgs/MultiEgoSetting.h
Symlinking /home/c104/catkin_ws/devel/include/morai_msgs/MoraiEventCmdSrvRequest.h
Symlinking /home/c104/catkin_ws/devel/include/morai_msgs/WaitForTickResponse.h
Symlinking /home/c104/catkin_ws/devel/include/morai_msgs/MoraiSyncModeCtrlCmdSrvRequest.h
Symlinking /home/c104/catkin_ws/devel/include/morai_msgs/MapSpec.h
Symlinking /home/c104/catkin_ws/devel/include/morai_msgs/VehicleSpecIndex.h
Symlinking /home/c104/catkin_ws/devel/include/morai_msgs/MoraiSyncModeSLSrvResponse.h
Symlinking /home/c104/catkin_ws/devel/include/morai_msgs/ObjectStatusListExtended.h
Symlinking /home/c104/catkin_ws/devel/include/morai_msgs/MoraiSyncModeAddObjectSrvRequest.h
Symlinking /home/c104/catkin_ws/devel/include/morai_msgs/GPSMessage.h
Symlinking /home/c104/catkin_ws/devel/include/morai_msgs/IntersectionStatus.h
Symlinking /home/c104/catkin_ws/devel/include/morai_msgs/MoraiVehicleSpecSrv.h
Symlinking /home/c104/catkin_ws/devel/include/morai_msgs/RadarDetection.h
Symlinking /home/c104/catkin_ws/devel/include/morai_msgs/PREvent.h
Symlinking /home/c104/catkin_ws/devel/include/morai_msgs/ReplayInfo.h
Symlinking /home/c104/catkin_ws/devel/include/morai_msgs/MoraiWaitForTickSrv.h
Symlinking /home/c104/catkin_ws/devel/include/morai_msgs/PRCtrlCmd.h
Symlinking /home/c104/catkin_ws/devel/include/morai_msgs/MoraiScenarioLoadSrvResponse.h
Symlinking /home/c104/catkin_ws/devel/include/morai_msgs/MoraiSyncModeCmdSrvRequest.h
Symlinking /home/c104/catkin_ws/devel/include/morai_msgs/MoraiSimProcHandle.h
Symlinking /home/c104/catkin_ws/devel/include/morai_msgs/NpcGhostInfo.h
Symlinking /home/c104/catkin_ws/devel/lib/python3/dist-packages/morai_msgs/__init__.py
Symlinking /home/c104/catkin_ws/devel/lib/python3/dist-packages/morai_msgs/msg/_PRStatus.py
Symlinking /home/c104/catkin_ws/devel/lib/python3/dist-packages/morai_msgs/msg/_ReplayInfo.py
Symlinking /home/c104/catkin_ws/devel/lib/python3/dist-packages/morai_msgs/msg/_SaveSensorData.py
Symlinking /home/c104/catkin_ws/devel/lib/python3/dist-packages/morai_msgs/msg/_WaitForTickResponse.py
Symlinking /home/c104/catkin_ws/devel/lib/python3/dist-packages/morai_msgs/msg/_SyncModeScenarioLoad.py
Symlinking /home/c104/catkin_ws/devel/lib/python3/dist-packages/morai_msgs/msg/_ObjectStatus.py
Symlinking /home/c104/catkin_ws/devel/lib/python3/dist-packages/morai_msgs/msg/_SyncModeCtrlCmd.py
Symlinking /home/c104/catkin_ws/devel/lib/python3/dist-packages/morai_msgs/msg/_ObjectStatusList.py
Symlinking /home/c104/catkin_ws/devel/lib/python3/dist-packages/morai_msgs/msg/_IntscnTL.py
Symlinking /home/c104/catkin_ws/devel/lib/python3/dist-packages/morai_msgs/msg/_ObjectStatusExtended.py
Symlinking /home/c104/catkin_ws/devel/lib/python3/dist-packages/morai_msgs/msg/_VehicleCollision.py
Symlinking /home/c104/catkin_ws/devel/lib/python3/dist-packages/morai_msgs/msg/_VehicleSpecIndex.py
Symlinking /home/c104/catkin_ws/devel/lib/python3/dist-packages/morai_msgs/msg/_SkidSteer6wUGVCtrlCmd.py
Symlinking /home/c104/catkin_ws/devel/lib/python3/dist-packages/morai_msgs/msg/_CollisionData.py
Symlinking /home/c104/catkin_ws/devel/lib/python3/dist-packages/morai_msgs/msg/_MoraiSimProcStatus.py
Symlinking /home/c104/catkin_ws/devel/lib/python3/dist-packages/morai_msgs/msg/_SetTrafficLight.py
Symlinking /home/c104/catkin_ws/devel/lib/python3/dist-packages/morai_msgs/msg/_TrafficLight.py
Symlinking /home/c104/catkin_ws/devel/lib/python3/dist-packages/morai_msgs/msg/_SensorPosControl.py
Symlinking /home/c104/catkin_ws/devel/lib/python3/dist-packages/morai_msgs/msg/_MapSpec.py
Symlinking /home/c104/catkin_ws/devel/lib/python3/dist-packages/morai_msgs/msg/_SyncModeInfo.py
Symlinking /home/c104/catkin_ws/devel/lib/python3/dist-packages/morai_msgs/msg/_VehicleCollisionData.py
Symlinking /home/c104/catkin_ws/devel/lib/python3/dist-packages/morai_msgs/msg/_Lamps.py
Symlinking /home/c104/catkin_ws/devel/lib/python3/dist-packages/morai_msgs/msg/_EgoVehicleStatus.py
Symlinking /home/c104/catkin_ws/devel/lib/python3/dist-packages/morai_msgs/msg/_GPSMessage.py
Symlinking /home/c104/catkin_ws/devel/lib/python3/dist-packages/morai_msgs/msg/_VehicleSpec.py
Symlinking /home/c104/catkin_ws/devel/lib/python3/dist-packages/morai_msgs/msg/_SyncModeRemoveObject.py
Symlinking /home/c104/catkin_ws/devel/lib/python3/dist-packages/morai_msgs/msg/_NpcGhostCmd.py
Symlinking /home/c104/catkin_ws/devel/lib/python3/dist-packages/morai_msgs/msg/_MoraiSrvResponse.py
Symlinking /home/c104/catkin_ws/devel/lib/python3/dist-packages/morai_msgs/msg/_GhostMessage.py
Symlinking /home/c104/catkin_ws/devel/lib/python3/dist-packages/morai_msgs/msg/__init__.py
Symlinking /home/c104/catkin_ws/devel/lib/python3/dist-packages/morai_msgs/msg/_RadarDetection.py
Symlinking /home/c104/catkin_ws/devel/lib/python3/dist-packages/morai_msgs/msg/_SkidSteer6wUGVStatus.py
Symlinking /home/c104/catkin_ws/devel/lib/python3/dist-packages/morai_msgs/msg/_ObjectStatusListExtended.py
Symlinking /home/c104/catkin_ws/devel/lib/python3/dist-packages/morai_msgs/msg/_EventInfo.py
Symlinking /home/c104/catkin_ws/devel/lib/python3/dist-packages/morai_msgs/msg/_GetTrafficLightStatus.py
Symlinking /home/c104/catkin_ws/devel/lib/python3/dist-packages/morai_msgs/msg/_RadarDetections.py
Symlinking /home/c104/catkin_ws/devel/lib/python3/dist-packages/morai_msgs/msg/_MapSpecIndex.py
Symlinking /home/c104/catkin_ws/devel/lib/python3/dist-packages/morai_msgs/msg/_MultiEgoSetting.py
Symlinking /home/c104/catkin_ws/devel/lib/python3/dist-packages/morai_msgs/msg/_PREvent.py
Symlinking /home/c104/catkin_ws/devel/lib/python3/dist-packages/morai_msgs/msg/_PRCtrlCmd.py
Symlinking /home/c104/catkin_ws/devel/lib/python3/dist-packages/morai_msgs/msg/_SyncModeResultResponse.py
Symlinking /home/c104/catkin_ws/devel/lib/python3/dist-packages/morai_msgs/msg/_SyncModeCmd.py
Symlinking /home/c104/catkin_ws/devel/lib/python3/dist-packages/morai_msgs/msg/_EgoVehicleStatusExtended.py
Symlinking /home/c104/catkin_ws/devel/lib/python3/dist-packages/morai_msgs/msg/_SyncModeCmdResponse.py
Symlinking /home/c104/catkin_ws/devel/lib/python3/dist-packages/morai_msgs/msg/_WaitForTick.py
Symlinking /home/c104/catkin_ws/devel/lib/python3/dist-packages/morai_msgs/msg/_NpcGhostInfo.py
Symlinking /home/c104/catkin_ws/devel/lib/python3/dist-packages/morai_msgs/msg/_SyncModeSetGear.py
Symlinking /home/c104/catkin_ws/devel/lib/python3/dist-packages/morai_msgs/msg/_CtrlCmd.py
Symlinking /home/c104/catkin_ws/devel/lib/python3/dist-packages/morai_msgs/msg/_IntersectionStatus.py
Symlinking /home/c104/catkin_ws/devel/lib/python3/dist-packages/morai_msgs/msg/_SkateboardCtrlCmd.py
Symlinking /home/c104/catkin_ws/devel/lib/python3/dist-packages/morai_msgs/msg/_SkateboardStatus.py
Symlinking /home/c104/catkin_ws/devel/lib/python3/dist-packages/morai_msgs/msg/_IntersectionControl.py
Symlinking /home/c104/catkin_ws/devel/lib/python3/dist-packages/morai_msgs/msg/_ScenarioLoad.py
Symlinking /home/c104/catkin_ws/devel/lib/python3/dist-packages/morai_msgs/msg/_MoraiSimProcHandle.py
Symlinking /home/c104/catkin_ws/devel/lib/python3/dist-packages/morai_msgs/msg/_MoraiTLInfo.py
Symlinking /home/c104/catkin_ws/devel/lib/python3/dist-packages/morai_msgs/msg/_MoraiTLIndex.py
Symlinking /home/c104/catkin_ws/devel/lib/python3/dist-packages/morai_msgs/msg/_SyncModeAddObject.py
Symlinking /home/c104/catkin_ws/devel/lib/python3/dist-packages/morai_msgs/msg/_ERP42Info.py
Symlinking /home/c104/catkin_ws/devel/lib/python3/dist-packages/morai_msgs/srv/_MoraiScenarioLoadSrv.py
Symlinking /home/c104/catkin_ws/devel/lib/python3/dist-packages/morai_msgs/srv/_MoraiSyncModeSetGearSrv.py
Symlinking /home/c104/catkin_ws/devel/lib/python3/dist-packages/morai_msgs/srv/_MoraiEventCmdSrv.py
Symlinking /home/c104/catkin_ws/devel/lib/python3/dist-packages/morai_msgs/srv/_MoraiWaitForTickSrv.py
Symlinking /home/c104/catkin_ws/devel/lib/python3/dist-packages/morai_msgs/srv/_MoraiSyncModeCtrlCmdSrv.py
Symlinking /home/c104/catkin_ws/devel/lib/python3/dist-packages/morai_msgs/srv/_MoraiSyncModeRemoveObjectSrv.py
Symlinking /home/c104/catkin_ws/devel/lib/python3/dist-packages/morai_msgs/srv/_MoraiSyncModeAddObjectSrv.py
Symlinking /home/c104/catkin_ws/devel/lib/python3/dist-packages/morai_msgs/srv/_MoraiMapSpecSrv.py
Symlinking /home/c104/catkin_ws/devel/lib/python3/dist-packages/morai_msgs/srv/_PREventSrv.py
Symlinking /home/c104/catkin_ws/devel/lib/python3/dist-packages/morai_msgs/srv/_MoraiSyncModeCmdSrv.py
Symlinking /home/c104/catkin_ws/devel/lib/python3/dist-packages/morai_msgs/srv/__init__.py
Symlinking /home/c104/catkin_ws/devel/lib/python3/dist-packages/morai_msgs/srv/_MoraiSimpProcSrv.py
Symlinking /home/c104/catkin_ws/devel/lib/python3/dist-packages/morai_msgs/srv/_MoraiSyncModeSLSrv.py
Symlinking /home/c104/catkin_ws/devel/lib/python3/dist-packages/morai_msgs/srv/_MoraiVehicleSpecSrv.py
Symlinking /home/c104/catkin_ws/devel/lib/python3/dist-packages/morai_msgs/srv/_MoraiTLInfoSrv.py
Symlinking /home/c104/catkin_ws/devel/lib/pkgconfig/morai_msgs.pc
Symlinking /home/c104/catkin_ws/devel/share/morai_msgs/cmake/morai_msgsConfig.cmake
Symlinking /home/c104/catkin_ws/devel/share/morai_msgs/cmake/morai_msgs-msg-extras.cmake
Symlinking /home/c104/catkin_ws/devel/share/morai_msgs/cmake/morai_msgsConfig-version.cmake
Symlinking /home/c104/catkin_ws/devel/share/morai_msgs/cmake/morai_msgs-msg-paths.cmake
Symlinking /home/c104/catkin_ws/devel/share/roseus/ros/morai_msgs/manifest.l
Symlinking /home/c104/catkin_ws/devel/share/roseus/ros/morai_msgs/msg/VehicleCollisionData.l
Symlinking /home/c104/catkin_ws/devel/share/roseus/ros/morai_msgs/msg/SyncModeCmdResponse.l
Symlinking /home/c104/catkin_ws/devel/share/roseus/ros/morai_msgs/msg/SyncModeAddObject.l
Symlinking /home/c104/catkin_ws/devel/share/roseus/ros/morai_msgs/msg/SkateboardStatus.l
Symlinking /home/c104/catkin_ws/devel/share/roseus/ros/morai_msgs/msg/SkidSteer6wUGVStatus.l
Symlinking /home/c104/catkin_ws/devel/share/roseus/ros/morai_msgs/msg/PREvent.l
Symlinking /home/c104/catkin_ws/devel/share/roseus/ros/morai_msgs/msg/RadarDetections.l
Symlinking /home/c104/catkin_ws/devel/share/roseus/ros/morai_msgs/msg/IntersectionControl.l
Symlinking /home/c104/catkin_ws/devel/share/roseus/ros/morai_msgs/msg/SensorPosControl.l
Symlinking /home/c104/catkin_ws/devel/share/roseus/ros/morai_msgs/msg/SkateboardCtrlCmd.l
Symlinking /home/c104/catkin_ws/devel/share/roseus/ros/morai_msgs/msg/VehicleSpecIndex.l
Symlinking /home/c104/catkin_ws/devel/share/roseus/ros/morai_msgs/msg/ObjectStatusExtended.l
Symlinking /home/c104/catkin_ws/devel/share/roseus/ros/morai_msgs/msg/GetTrafficLightStatus.l
Symlinking /home/c104/catkin_ws/devel/share/roseus/ros/morai_msgs/msg/SyncModeSetGear.l
Symlinking /home/c104/catkin_ws/devel/share/roseus/ros/morai_msgs/msg/SyncModeCtrlCmd.l
Symlinking /home/c104/catkin_ws/devel/share/roseus/ros/morai_msgs/msg/VehicleCollision.l
Symlinking /home/c104/catkin_ws/devel/share/roseus/ros/morai_msgs/msg/WaitForTickResponse.l
Symlinking /home/c104/catkin_ws/devel/share/roseus/ros/morai_msgs/msg/SyncModeResultResponse.l
Symlinking /home/c104/catkin_ws/devel/share/roseus/ros/morai_msgs/msg/ObjectStatusList.l
Symlinking /home/c104/catkin_ws/devel/share/roseus/ros/morai_msgs/msg/SyncModeCmd.l
Symlinking /home/c104/catkin_ws/devel/share/roseus/ros/morai_msgs/msg/MapSpec.l
Symlinking /home/c104/catkin_ws/devel/share/roseus/ros/morai_msgs/msg/Lamps.l
Symlinking /home/c104/catkin_ws/devel/share/roseus/ros/morai_msgs/msg/CtrlCmd.l
Symlinking /home/c104/catkin_ws/devel/share/roseus/ros/morai_msgs/msg/NpcGhostInfo.l
Symlinking /home/c104/catkin_ws/devel/share/roseus/ros/morai_msgs/msg/MoraiSimProcStatus.l
Symlinking /home/c104/catkin_ws/devel/share/roseus/ros/morai_msgs/msg/SyncModeInfo.l
Symlinking /home/c104/catkin_ws/devel/share/roseus/ros/morai_msgs/msg/WaitForTick.l
Symlinking /home/c104/catkin_ws/devel/share/roseus/ros/morai_msgs/msg/GhostMessage.l
Symlinking /home/c104/catkin_ws/devel/share/roseus/ros/morai_msgs/msg/MapSpecIndex.l
Symlinking /home/c104/catkin_ws/devel/share/roseus/ros/morai_msgs/msg/NpcGhostCmd.l
Symlinking /home/c104/catkin_ws/devel/share/roseus/ros/morai_msgs/msg/VehicleSpec.l
Symlinking /home/c104/catkin_ws/devel/share/roseus/ros/morai_msgs/msg/RadarDetection.l
Symlinking /home/c104/catkin_ws/devel/share/roseus/ros/morai_msgs/msg/ReplayInfo.l
Symlinking /home/c104/catkin_ws/devel/share/roseus/ros/morai_msgs/msg/EgoVehicleStatusExtended.l
Symlinking /home/c104/catkin_ws/devel/share/roseus/ros/morai_msgs/msg/TrafficLight.l
Symlinking /home/c104/catkin_ws/devel/share/roseus/ros/morai_msgs/msg/EgoVehicleStatus.l
Symlinking /home/c104/catkin_ws/devel/share/roseus/ros/morai_msgs/msg/CollisionData.l
Symlinking /home/c104/catkin_ws/devel/share/roseus/ros/morai_msgs/msg/ScenarioLoad.l
Symlinking /home/c104/catkin_ws/devel/share/roseus/ros/morai_msgs/msg/MultiEgoSetting.l
Symlinking /home/c104/catkin_ws/devel/share/roseus/ros/morai_msgs/msg/GPSMessage.l
Symlinking /home/c104/catkin_ws/devel/share/roseus/ros/morai_msgs/msg/PRStatus.l
Symlinking /home/c104/catkin_ws/devel/share/roseus/ros/morai_msgs/msg/SetTrafficLight.l
Symlinking /home/c104/catkin_ws/devel/share/roseus/ros/morai_msgs/msg/SyncModeScenarioLoad.l
Symlinking /home/c104/catkin_ws/devel/share/roseus/ros/morai_msgs/msg/ERP42Info.l
Symlinking /home/c104/catkin_ws/devel/share/roseus/ros/morai_msgs/msg/SkidSteer6wUGVCtrlCmd.l
Symlinking /home/c104/catkin_ws/devel/share/roseus/ros/morai_msgs/msg/IntscnTL.l
Symlinking /home/c104/catkin_ws/devel/share/roseus/ros/morai_msgs/msg/MoraiSrvResponse.l
Symlinking /home/c104/catkin_ws/devel/share/roseus/ros/morai_msgs/msg/PRCtrlCmd.l
Symlinking /home/c104/catkin_ws/devel/share/roseus/ros/morai_msgs/msg/EventInfo.l
Symlinking /home/c104/catkin_ws/devel/share/roseus/ros/morai_msgs/msg/MoraiSimProcHandle.l
Symlinking /home/c104/catkin_ws/devel/share/roseus/ros/morai_msgs/msg/MoraiTLInfo.l
Symlinking /home/c104/catkin_ws/devel/share/roseus/ros/morai_msgs/msg/ObjectStatusListExtended.l
Symlinking /home/c104/catkin_ws/devel/share/roseus/ros/morai_msgs/msg/IntersectionStatus.l
Symlinking /home/c104/catkin_ws/devel/share/roseus/ros/morai_msgs/msg/ObjectStatus.l
Symlinking /home/c104/catkin_ws/devel/share/roseus/ros/morai_msgs/msg/SaveSensorData.l
Symlinking /home/c104/catkin_ws/devel/share/roseus/ros/morai_msgs/msg/SyncModeRemoveObject.l
Symlinking /home/c104/catkin_ws/devel/share/roseus/ros/morai_msgs/msg/MoraiTLIndex.l
Symlinking /home/c104/catkin_ws/devel/share/roseus/ros/morai_msgs/srv/MoraiSyncModeRemoveObjectSrv.l
Symlinking /home/c104/catkin_ws/devel/share/roseus/ros/morai_msgs/srv/MoraiEventCmdSrv.l
Symlinking /home/c104/catkin_ws/devel/share/roseus/ros/morai_msgs/srv/MoraiSyncModeSetGearSrv.l
Symlinking /home/c104/catkin_ws/devel/share/roseus/ros/morai_msgs/srv/MoraiVehicleSpecSrv.l
Symlinking /home/c104/catkin_ws/devel/share/roseus/ros/morai_msgs/srv/MoraiTLInfoSrv.l
Symlinking /home/c104/catkin_ws/devel/share/roseus/ros/morai_msgs/srv/MoraiSyncModeAddObjectSrv.l
Symlinking /home/c104/catkin_ws/devel/share/roseus/ros/morai_msgs/srv/MoraiScenarioLoadSrv.l
Symlinking /home/c104/catkin_ws/devel/share/roseus/ros/morai_msgs/srv/MoraiSyncModeSLSrv.l
Symlinking /home/c104/catkin_ws/devel/share/roseus/ros/morai_msgs/srv/PREventSrv.l
Symlinking /home/c104/catkin_ws/devel/share/roseus/ros/morai_msgs/srv/MoraiSimpProcSrv.l
Symlinking /home/c104/catkin_ws/devel/share/roseus/ros/morai_msgs/srv/MoraiMapSpecSrv.l
Symlinking /home/c104/catkin_ws/devel/share/roseus/ros/morai_msgs/srv/MoraiSyncModeCtrlCmdSrv.l
Symlinking /home/c104/catkin_ws/devel/share/roseus/ros/morai_msgs/srv/MoraiWaitForTickSrv.l
Symlinking /home/c104/catkin_ws/devel/share/roseus/ros/morai_msgs/srv/MoraiSyncModeCmdSrv.l
Symlinking /home/c104/catkin_ws/devel/share/common-lisp/ros/morai_msgs/msg/MoraiSimProcHandle.lisp
Symlinking /home/c104/catkin_ws/devel/share/common-lisp/ros/morai_msgs/msg/_package_GhostMessage.lisp
Symlinking /home/c104/catkin_ws/devel/share/common-lisp/ros/morai_msgs/msg/_package_PRCtrlCmd.lisp
Symlinking /home/c104/catkin_ws/devel/share/common-lisp/ros/morai_msgs/msg/MoraiSimProcStatus.lisp
Symlinking /home/c104/catkin_ws/devel/share/common-lisp/ros/morai_msgs/msg/_package_SkidSteer6wUGVStatus.lisp
Symlinking /home/c104/catkin_ws/devel/share/common-lisp/ros/morai_msgs/msg/_package_SyncModeInfo.lisp
Symlinking /home/c104/catkin_ws/devel/share/common-lisp/ros/morai_msgs/msg/NpcGhostCmd.lisp
Symlinking /home/c104/catkin_ws/devel/share/common-lisp/ros/morai_msgs/msg/PRStatus.lisp
Symlinking /home/c104/catkin_ws/devel/share/common-lisp/ros/morai_msgs/msg/EventInfo.lisp
Symlinking /home/c104/catkin_ws/devel/share/common-lisp/ros/morai_msgs/msg/RadarDetections.lisp
Symlinking /home/c104/catkin_ws/devel/share/common-lisp/ros/morai_msgs/msg/MoraiTLInfo.lisp
Symlinking /home/c104/catkin_ws/devel/share/common-lisp/ros/morai_msgs/msg/SensorPosControl.lisp
Symlinking /home/c104/catkin_ws/devel/share/common-lisp/ros/morai_msgs/msg/_package_SyncModeScenarioLoad.lisp
Symlinking /home/c104/catkin_ws/devel/share/common-lisp/ros/morai_msgs/msg/_package_IntscnTL.lisp
Symlinking /home/c104/catkin_ws/devel/share/common-lisp/ros/morai_msgs/msg/_package_SyncModeSetGear.lisp
Symlinking /home/c104/catkin_ws/devel/share/common-lisp/ros/morai_msgs/msg/_package_SetTrafficLight.lisp
Symlinking /home/c104/catkin_ws/devel/share/common-lisp/ros/morai_msgs/msg/ObjectStatusList.lisp
Symlinking /home/c104/catkin_ws/devel/share/common-lisp/ros/morai_msgs/msg/_package_EgoVehicleStatus.lisp
Symlinking /home/c104/catkin_ws/devel/share/common-lisp/ros/morai_msgs/msg/GPSMessage.lisp
Symlinking /home/c104/catkin_ws/devel/share/common-lisp/ros/morai_msgs/msg/GetTrafficLightStatus.lisp
Symlinking /home/c104/catkin_ws/devel/share/common-lisp/ros/morai_msgs/msg/SyncModeScenarioLoad.lisp
Symlinking /home/c104/catkin_ws/devel/share/common-lisp/ros/morai_msgs/msg/EgoVehicleStatus.lisp
Symlinking /home/c104/catkin_ws/devel/share/common-lisp/ros/morai_msgs/msg/SkateboardStatus.lisp
Symlinking /home/c104/catkin_ws/devel/share/common-lisp/ros/morai_msgs/msg/ObjectStatusListExtended.lisp
Symlinking /home/c104/catkin_ws/devel/share/common-lisp/ros/morai_msgs/msg/SkidSteer6wUGVCtrlCmd.lisp
Symlinking /home/c104/catkin_ws/devel/share/common-lisp/ros/morai_msgs/msg/_package_VehicleSpecIndex.lisp
Symlinking /home/c104/catkin_ws/devel/share/common-lisp/ros/morai_msgs/msg/_package_SyncModeCmd.lisp
Symlinking /home/c104/catkin_ws/devel/share/common-lisp/ros/morai_msgs/msg/_package_VehicleCollisionData.lisp
Symlinking /home/c104/catkin_ws/devel/share/common-lisp/ros/morai_msgs/msg/SyncModeAddObject.lisp
Symlinking /home/c104/catkin_ws/devel/share/common-lisp/ros/morai_msgs/msg/MapSpec.lisp
Symlinking /home/c104/catkin_ws/devel/share/common-lisp/ros/morai_msgs/msg/_package.lisp
Symlinking /home/c104/catkin_ws/devel/share/common-lisp/ros/morai_msgs/msg/_package_ObjectStatusExtended.lisp
Symlinking /home/c104/catkin_ws/devel/share/common-lisp/ros/morai_msgs/msg/_package_SaveSensorData.lisp
Symlinking /home/c104/catkin_ws/devel/share/common-lisp/ros/morai_msgs/msg/SyncModeRemoveObject.lisp
Symlinking /home/c104/catkin_ws/devel/share/common-lisp/ros/morai_msgs/msg/Lamps.lisp
Symlinking /home/c104/catkin_ws/devel/share/common-lisp/ros/morai_msgs/msg/SkidSteer6wUGVStatus.lisp
Symlinking /home/c104/catkin_ws/devel/share/common-lisp/ros/morai_msgs/msg/SyncModeCtrlCmd.lisp
Symlinking /home/c104/catkin_ws/devel/share/common-lisp/ros/morai_msgs/msg/_package_SyncModeCtrlCmd.lisp
Symlinking /home/c104/catkin_ws/devel/share/common-lisp/ros/morai_msgs/msg/PREvent.lisp
Symlinking /home/c104/catkin_ws/devel/share/common-lisp/ros/morai_msgs/msg/VehicleCollisionData.lisp
Symlinking /home/c104/catkin_ws/devel/share/common-lisp/ros/morai_msgs/msg/VehicleSpec.lisp
Symlinking /home/c104/catkin_ws/devel/share/common-lisp/ros/morai_msgs/msg/_package_SyncModeRemoveObject.lisp
Symlinking /home/c104/catkin_ws/devel/share/common-lisp/ros/morai_msgs/msg/_package_MapSpecIndex.lisp
Symlinking /home/c104/catkin_ws/devel/share/common-lisp/ros/morai_msgs/msg/MoraiTLIndex.lisp
Symlinking /home/c104/catkin_ws/devel/share/common-lisp/ros/morai_msgs/msg/_package_SkateboardStatus.lisp
Symlinking /home/c104/catkin_ws/devel/share/common-lisp/ros/morai_msgs/msg/SyncModeCmdResponse.lisp
Symlinking /home/c104/catkin_ws/devel/share/common-lisp/ros/morai_msgs/msg/MultiEgoSetting.lisp
Symlinking /home/c104/catkin_ws/devel/share/common-lisp/ros/morai_msgs/msg/SyncModeInfo.lisp
Symlinking /home/c104/catkin_ws/devel/share/common-lisp/ros/morai_msgs/msg/TrafficLight.lisp
Symlinking /home/c104/catkin_ws/devel/share/common-lisp/ros/morai_msgs/msg/_package_ObjectStatus.lisp
Symlinking /home/c104/catkin_ws/devel/share/common-lisp/ros/morai_msgs/msg/_package_MoraiTLIndex.lisp
Symlinking /home/c104/catkin_ws/devel/share/common-lisp/ros/morai_msgs/msg/SyncModeSetGear.lisp
Symlinking /home/c104/catkin_ws/devel/share/common-lisp/ros/morai_msgs/msg/_package_ObjectStatusList.lisp
Symlinking /home/c104/catkin_ws/devel/share/common-lisp/ros/morai_msgs/msg/EgoVehicleStatusExtended.lisp
Symlinking /home/c104/catkin_ws/devel/share/common-lisp/ros/morai_msgs/msg/_package_IntersectionControl.lisp
Symlinking /home/c104/catkin_ws/devel/share/common-lisp/ros/morai_msgs/msg/_package_SensorPosControl.lisp
Symlinking /home/c104/catkin_ws/devel/share/common-lisp/ros/morai_msgs/msg/PRCtrlCmd.lisp
Symlinking /home/c104/catkin_ws/devel/share/common-lisp/ros/morai_msgs/msg/NpcGhostInfo.lisp
Symlinking /home/c104/catkin_ws/devel/share/common-lisp/ros/morai_msgs/msg/_package_SkidSteer6wUGVCtrlCmd.lisp
Symlinking /home/c104/catkin_ws/devel/share/common-lisp/ros/morai_msgs/msg/_package_MapSpec.lisp
Symlinking /home/c104/catkin_ws/devel/share/common-lisp/ros/morai_msgs/msg/SyncModeResultResponse.lisp
Symlinking /home/c104/catkin_ws/devel/share/common-lisp/ros/morai_msgs/msg/_package_ERP42Info.lisp
Symlinking /home/c104/catkin_ws/devel/share/common-lisp/ros/morai_msgs/msg/_package_GetTrafficLightStatus.lisp
Symlinking /home/c104/catkin_ws/devel/share/common-lisp/ros/morai_msgs/msg/_package_MoraiSimProcStatus.lisp
Symlinking /home/c104/catkin_ws/devel/share/common-lisp/ros/morai_msgs/msg/_package_RadarDetection.lisp
Symlinking /home/c104/catkin_ws/devel/share/common-lisp/ros/morai_msgs/msg/morai_msgs-msg.asd
Symlinking /home/c104/catkin_ws/devel/share/common-lisp/ros/morai_msgs/msg/_package_Lamps.lisp
Symlinking /home/c104/catkin_ws/devel/share/common-lisp/ros/morai_msgs/msg/_package_MoraiSimProcHandle.lisp
Symlinking /home/c104/catkin_ws/devel/share/common-lisp/ros/morai_msgs/msg/_package_RadarDetections.lisp
Symlinking /home/c104/catkin_ws/devel/share/common-lisp/ros/morai_msgs/msg/_package_NpcGhostInfo.lisp
Symlinking /home/c104/catkin_ws/devel/share/common-lisp/ros/morai_msgs/msg/CollisionData.lisp
Symlinking /home/c104/catkin_ws/devel/share/common-lisp/ros/morai_msgs/msg/CtrlCmd.lisp
Symlinking /home/c104/catkin_ws/devel/share/common-lisp/ros/morai_msgs/msg/_package_WaitForTick.lisp
Symlinking /home/c104/catkin_ws/devel/share/common-lisp/ros/morai_msgs/msg/_package_PRStatus.lisp
Symlinking /home/c104/catkin_ws/devel/share/common-lisp/ros/morai_msgs/msg/ObjectStatus.lisp
Symlinking /home/c104/catkin_ws/devel/share/common-lisp/ros/morai_msgs/msg/_package_EventInfo.lisp
Symlinking /home/c104/catkin_ws/devel/share/common-lisp/ros/morai_msgs/msg/ReplayInfo.lisp
Symlinking /home/c104/catkin_ws/devel/share/common-lisp/ros/morai_msgs/msg/MapSpecIndex.lisp
Symlinking /home/c104/catkin_ws/devel/share/common-lisp/ros/morai_msgs/msg/WaitForTick.lisp
Symlinking /home/c104/catkin_ws/devel/share/common-lisp/ros/morai_msgs/msg/_package_ReplayInfo.lisp
Symlinking /home/c104/catkin_ws/devel/share/common-lisp/ros/morai_msgs/msg/VehicleSpecIndex.lisp
Symlinking /home/c104/catkin_ws/devel/share/common-lisp/ros/morai_msgs/msg/_package_SyncModeCmdResponse.lisp
Symlinking /home/c104/catkin_ws/devel/share/common-lisp/ros/morai_msgs/msg/ScenarioLoad.lisp
Symlinking /home/c104/catkin_ws/devel/share/common-lisp/ros/morai_msgs/msg/_package_MoraiSrvResponse.lisp
Symlinking /home/c104/catkin_ws/devel/share/common-lisp/ros/morai_msgs/msg/_package_MoraiTLInfo.lisp
Symlinking /home/c104/catkin_ws/devel/share/common-lisp/ros/morai_msgs/msg/_package_EgoVehicleStatusExtended.lisp
Symlinking /home/c104/catkin_ws/devel/share/common-lisp/ros/morai_msgs/msg/_package_IntersectionStatus.lisp
Symlinking /home/c104/catkin_ws/devel/share/common-lisp/ros/morai_msgs/msg/SetTrafficLight.lisp
Symlinking /home/c104/catkin_ws/devel/share/common-lisp/ros/morai_msgs/msg/_package_TrafficLight.lisp
Symlinking /home/c104/catkin_ws/devel/share/common-lisp/ros/morai_msgs/msg/_package_CollisionData.lisp
Symlinking /home/c104/catkin_ws/devel/share/common-lisp/ros/morai_msgs/msg/IntscnTL.lisp
Symlinking /home/c104/catkin_ws/devel/share/common-lisp/ros/morai_msgs/msg/_package_CtrlCmd.lisp
Symlinking /home/c104/catkin_ws/devel/share/common-lisp/ros/morai_msgs/msg/_package_VehicleSpec.lisp
Symlinking /home/c104/catkin_ws/devel/share/common-lisp/ros/morai_msgs/msg/_package_SkateboardCtrlCmd.lisp
Symlinking /home/c104/catkin_ws/devel/share/common-lisp/ros/morai_msgs/msg/SkateboardCtrlCmd.lisp
Symlinking /home/c104/catkin_ws/devel/share/common-lisp/ros/morai_msgs/msg/SaveSensorData.lisp
Symlinking /home/c104/catkin_ws/devel/share/common-lisp/ros/morai_msgs/msg/VehicleCollision.lisp
Symlinking /home/c104/catkin_ws/devel/share/common-lisp/ros/morai_msgs/msg/GhostMessage.lisp
Symlinking /home/c104/catkin_ws/devel/share/common-lisp/ros/morai_msgs/msg/_package_ObjectStatusListExtended.lisp
Symlinking /home/c104/catkin_ws/devel/share/common-lisp/ros/morai_msgs/msg/_package_WaitForTickResponse.lisp
Symlinking /home/c104/catkin_ws/devel/share/common-lisp/ros/morai_msgs/msg/ERP42Info.lisp
Symlinking /home/c104/catkin_ws/devel/share/common-lisp/ros/morai_msgs/msg/_package_NpcGhostCmd.lisp
Symlinking /home/c104/catkin_ws/devel/share/common-lisp/ros/morai_msgs/msg/IntersectionControl.lisp
Symlinking /home/c104/catkin_ws/devel/share/common-lisp/ros/morai_msgs/msg/_package_ScenarioLoad.lisp
Symlinking /home/c104/catkin_ws/devel/share/common-lisp/ros/morai_msgs/msg/_package_SyncModeResultResponse.lisp
Symlinking /home/c104/catkin_ws/devel/share/common-lisp/ros/morai_msgs/msg/_package_GPSMessage.lisp
Symlinking /home/c104/catkin_ws/devel/share/common-lisp/ros/morai_msgs/msg/_package_PREvent.lisp
Symlinking /home/c104/catkin_ws/devel/share/common-lisp/ros/morai_msgs/msg/_package_SyncModeAddObject.lisp
Symlinking /home/c104/catkin_ws/devel/share/common-lisp/ros/morai_msgs/msg/WaitForTickResponse.lisp
Symlinking /home/c104/catkin_ws/devel/share/common-lisp/ros/morai_msgs/msg/ObjectStatusExtended.lisp
Symlinking /home/c104/catkin_ws/devel/share/common-lisp/ros/morai_msgs/msg/_package_VehicleCollision.lisp
Symlinking /home/c104/catkin_ws/devel/share/common-lisp/ros/morai_msgs/msg/_package_MultiEgoSetting.lisp
Symlinking /home/c104/catkin_ws/devel/share/common-lisp/ros/morai_msgs/msg/SyncModeCmd.lisp
Symlinking /home/c104/catkin_ws/devel/share/common-lisp/ros/morai_msgs/msg/RadarDetection.lisp
Symlinking /home/c104/catkin_ws/devel/share/common-lisp/ros/morai_msgs/msg/IntersectionStatus.lisp
Symlinking /home/c104/catkin_ws/devel/share/common-lisp/ros/morai_msgs/msg/MoraiSrvResponse.lisp
Symlinking /home/c104/catkin_ws/devel/share/common-lisp/ros/morai_msgs/srv/_package_MoraiTLInfoSrv.lisp
Symlinking /home/c104/catkin_ws/devel/share/common-lisp/ros/morai_msgs/srv/_package_MoraiSyncModeAddObjectSrv.lisp
Symlinking /home/c104/catkin_ws/devel/share/common-lisp/ros/morai_msgs/srv/_package_MoraiSyncModeSLSrv.lisp
Symlinking /home/c104/catkin_ws/devel/share/common-lisp/ros/morai_msgs/srv/_package_MoraiSyncModeSetGearSrv.lisp
Symlinking /home/c104/catkin_ws/devel/share/common-lisp/ros/morai_msgs/srv/MoraiScenarioLoadSrv.lisp
Symlinking /home/c104/catkin_ws/devel/share/common-lisp/ros/morai_msgs/srv/morai_msgs-srv.asd
Symlinking /home/c104/catkin_ws/devel/share/common-lisp/ros/morai_msgs/srv/_package.lisp
Symlinking /home/c104/catkin_ws/devel/share/common-lisp/ros/morai_msgs/srv/MoraiSimpProcSrv.lisp
Symlinking /home/c104/catkin_ws/devel/share/common-lisp/ros/morai_msgs/srv/MoraiTLInfoSrv.lisp
Symlinking /home/c104/catkin_ws/devel/share/common-lisp/ros/morai_msgs/srv/MoraiSyncModeSetGearSrv.lisp
Symlinking /home/c104/catkin_ws/devel/share/common-lisp/ros/morai_msgs/srv/MoraiSyncModeCtrlCmdSrv.lisp
Symlinking /home/c104/catkin_ws/devel/share/common-lisp/ros/morai_msgs/srv/_package_MoraiScenarioLoadSrv.lisp
Symlinking /home/c104/catkin_ws/devel/share/common-lisp/ros/morai_msgs/srv/MoraiWaitForTickSrv.lisp
Symlinking /home/c104/catkin_ws/devel/share/common-lisp/ros/morai_msgs/srv/MoraiSyncModeSLSrv.lisp
Symlinking /home/c104/catkin_ws/devel/share/common-lisp/ros/morai_msgs/srv/_package_MoraiSyncModeCmdSrv.lisp
Symlinking /home/c104/catkin_ws/devel/share/common-lisp/ros/morai_msgs/srv/MoraiSyncModeAddObjectSrv.lisp
Symlinking /home/c104/catkin_ws/devel/share/common-lisp/ros/morai_msgs/srv/_package_MoraiSyncModeRemoveObjectSrv.lisp
Symlinking /home/c104/catkin_ws/devel/share/common-lisp/ros/morai_msgs/srv/_package_MoraiWaitForTickSrv.lisp
Symlinking /home/c104/catkin_ws/devel/share/common-lisp/ros/morai_msgs/srv/_package_PREventSrv.lisp
Symlinking /home/c104/catkin_ws/devel/share/common-lisp/ros/morai_msgs/srv/_package_MoraiVehicleSpecSrv.lisp
Symlinking /home/c104/catkin_ws/devel/share/common-lisp/ros/morai_msgs/srv/MoraiSyncModeCmdSrv.lisp
Symlinking /home/c104/catkin_ws/devel/share/common-lisp/ros/morai_msgs/srv/MoraiMapSpecSrv.lisp
Symlinking /home/c104/catkin_ws/devel/share/common-lisp/ros/morai_msgs/srv/_package_MoraiSimpProcSrv.lisp
Symlinking /home/c104/catkin_ws/devel/share/common-lisp/ros/morai_msgs/srv/PREventSrv.lisp
Symlinking /home/c104/catkin_ws/devel/share/common-lisp/ros/morai_msgs/srv/MoraiEventCmdSrv.lisp
Symlinking /home/c104/catkin_ws/devel/share/common-lisp/ros/morai_msgs/srv/MoraiVehicleSpecSrv.lisp
Symlinking /home/c104/catkin_ws/devel/share/common-lisp/ros/morai_msgs/srv/_package_MoraiMapSpecSrv.lisp
Symlinking /home/c104/catkin_ws/devel/share/common-lisp/ros/morai_msgs/srv/_package_MoraiSyncModeCtrlCmdSrv.lisp
Symlinking /home/c104/catkin_ws/devel/share/common-lisp/ros/morai_msgs/srv/_package_MoraiEventCmdSrv.lisp
Symlinking /home/c104/catkin_ws/devel/share/common-lisp/ros/morai_msgs/srv/MoraiSyncModeRemoveObjectSrv.lisp
Symlinking /home/c104/catkin_ws/devel/share/gennodejs/ros/morai_msgs/_index.js
Symlinking /home/c104/catkin_ws/devel/share/gennodejs/ros/morai_msgs/msg/SyncModeScenarioLoad.js
Symlinking /home/c104/catkin_ws/devel/share/gennodejs/ros/morai_msgs/msg/SyncModeRemoveObject.js
Symlinking /home/c104/catkin_ws/devel/share/gennodejs/ros/morai_msgs/msg/SkidSteer6wUGVCtrlCmd.js
Symlinking /home/c104/catkin_ws/devel/share/gennodejs/ros/morai_msgs/msg/IntscnTL.js
Symlinking /home/c104/catkin_ws/devel/share/gennodejs/ros/morai_msgs/msg/MapSpecIndex.js
Symlinking /home/c104/catkin_ws/devel/share/gennodejs/ros/morai_msgs/msg/MoraiTLIndex.js
Symlinking /home/c104/catkin_ws/devel/share/gennodejs/ros/morai_msgs/msg/ObjectStatusExtended.js
Symlinking /home/c104/catkin_ws/devel/share/gennodejs/ros/morai_msgs/msg/CtrlCmd.js
Symlinking /home/c104/catkin_ws/devel/share/gennodejs/ros/morai_msgs/msg/ReplayInfo.js
Symlinking /home/c104/catkin_ws/devel/share/gennodejs/ros/morai_msgs/msg/EventInfo.js
Symlinking /home/c104/catkin_ws/devel/share/gennodejs/ros/morai_msgs/msg/ScenarioLoad.js
Symlinking /home/c104/catkin_ws/devel/share/gennodejs/ros/morai_msgs/msg/VehicleSpec.js
Symlinking /home/c104/catkin_ws/devel/share/gennodejs/ros/morai_msgs/msg/WaitForTickResponse.js
Symlinking /home/c104/catkin_ws/devel/share/gennodejs/ros/morai_msgs/msg/ERP42Info.js
Symlinking /home/c104/catkin_ws/devel/share/gennodejs/ros/morai_msgs/msg/VehicleCollision.js
Symlinking /home/c104/catkin_ws/devel/share/gennodejs/ros/morai_msgs/msg/GhostMessage.js
Symlinking /home/c104/catkin_ws/devel/share/gennodejs/ros/morai_msgs/msg/SkateboardCtrlCmd.js
Symlinking /home/c104/catkin_ws/devel/share/gennodejs/ros/morai_msgs/msg/SaveSensorData.js
Symlinking /home/c104/catkin_ws/devel/share/gennodejs/ros/morai_msgs/msg/VehicleCollisionData.js
Symlinking /home/c104/catkin_ws/devel/share/gennodejs/ros/morai_msgs/msg/PRStatus.js
Symlinking /home/c104/catkin_ws/devel/share/gennodejs/ros/morai_msgs/msg/MoraiSimProcStatus.js
Symlinking /home/c104/catkin_ws/devel/share/gennodejs/ros/morai_msgs/msg/_index.js
Symlinking /home/c104/catkin_ws/devel/share/gennodejs/ros/morai_msgs/msg/EgoVehicleStatus.js
Symlinking /home/c104/catkin_ws/devel/share/gennodejs/ros/morai_msgs/msg/MoraiTLInfo.js
Symlinking /home/c104/catkin_ws/devel/share/gennodejs/ros/morai_msgs/msg/RadarDetections.js
Symlinking /home/c104/catkin_ws/devel/share/gennodejs/ros/morai_msgs/msg/VehicleSpecIndex.js
Symlinking /home/c104/catkin_ws/devel/share/gennodejs/ros/morai_msgs/msg/SyncModeSetGear.js
Symlinking /home/c104/catkin_ws/devel/share/gennodejs/ros/morai_msgs/msg/IntersectionControl.js
Symlinking /home/c104/catkin_ws/devel/share/gennodejs/ros/morai_msgs/msg/SkidSteer6wUGVStatus.js
Symlinking /home/c104/catkin_ws/devel/share/gennodejs/ros/morai_msgs/msg/GetTrafficLightStatus.js
Symlinking /home/c104/catkin_ws/devel/share/gennodejs/ros/morai_msgs/msg/WaitForTick.js
Symlinking /home/c104/catkin_ws/devel/share/gennodejs/ros/morai_msgs/msg/CollisionData.js
Symlinking /home/c104/catkin_ws/devel/share/gennodejs/ros/morai_msgs/msg/ObjectStatusListExtended.js
Symlinking /home/c104/catkin_ws/devel/share/gennodejs/ros/morai_msgs/msg/SetTrafficLight.js
Symlinking /home/c104/catkin_ws/devel/share/gennodejs/ros/morai_msgs/msg/SyncModeCmd.js
Symlinking /home/c104/catkin_ws/devel/share/gennodejs/ros/morai_msgs/msg/MultiEgoSetting.js
Symlinking /home/c104/catkin_ws/devel/share/gennodejs/ros/morai_msgs/msg/ObjectStatusList.js
Symlinking /home/c104/catkin_ws/devel/share/gennodejs/ros/morai_msgs/msg/GPSMessage.js
Symlinking /home/c104/catkin_ws/devel/share/gennodejs/ros/morai_msgs/msg/MapSpec.js
Symlinking /home/c104/catkin_ws/devel/share/gennodejs/ros/morai_msgs/msg/SkateboardStatus.js
Symlinking /home/c104/catkin_ws/devel/share/gennodejs/ros/morai_msgs/msg/NpcGhostInfo.js
Symlinking /home/c104/catkin_ws/devel/share/gennodejs/ros/morai_msgs/msg/SensorPosControl.js
Symlinking /home/c104/catkin_ws/devel/share/gennodejs/ros/morai_msgs/msg/SyncModeResultResponse.js
Symlinking /home/c104/catkin_ws/devel/share/gennodejs/ros/morai_msgs/msg/TrafficLight.js
Symlinking /home/c104/catkin_ws/devel/share/gennodejs/ros/morai_msgs/msg/EgoVehicleStatusExtended.js
Symlinking /home/c104/catkin_ws/devel/share/gennodejs/ros/morai_msgs/msg/MoraiSrvResponse.js
Symlinking /home/c104/catkin_ws/devel/share/gennodejs/ros/morai_msgs/msg/ObjectStatus.js
Symlinking /home/c104/catkin_ws/devel/share/gennodejs/ros/morai_msgs/msg/NpcGhostCmd.js
Symlinking /home/c104/catkin_ws/devel/share/gennodejs/ros/morai_msgs/msg/PREvent.js
Symlinking /home/c104/catkin_ws/devel/share/gennodejs/ros/morai_msgs/msg/SyncModeAddObject.js
Symlinking /home/c104/catkin_ws/devel/share/gennodejs/ros/morai_msgs/msg/SyncModeInfo.js
Symlinking /home/c104/catkin_ws/devel/share/gennodejs/ros/morai_msgs/msg/SyncModeCtrlCmd.js
Symlinking /home/c104/catkin_ws/devel/share/gennodejs/ros/morai_msgs/msg/Lamps.js
Symlinking /home/c104/catkin_ws/devel/share/gennodejs/ros/morai_msgs/msg/PRCtrlCmd.js
Symlinking /home/c104/catkin_ws/devel/share/gennodejs/ros/morai_msgs/msg/MoraiSimProcHandle.js
Symlinking /home/c104/catkin_ws/devel/share/gennodejs/ros/morai_msgs/msg/SyncModeCmdResponse.js
Symlinking /home/c104/catkin_ws/devel/share/gennodejs/ros/morai_msgs/msg/RadarDetection.js
Symlinking /home/c104/catkin_ws/devel/share/gennodejs/ros/morai_msgs/msg/IntersectionStatus.js
Symlinking /home/c104/catkin_ws/devel/share/gennodejs/ros/morai_msgs/srv/MoraiSyncModeSetGearSrv.js
Symlinking /home/c104/catkin_ws/devel/share/gennodejs/ros/morai_msgs/srv/MoraiScenarioLoadSrv.js
Symlinking /home/c104/catkin_ws/devel/share/gennodejs/ros/morai_msgs/srv/MoraiSyncModeSLSrv.js
Symlinking /home/c104/catkin_ws/devel/share/gennodejs/ros/morai_msgs/srv/MoraiVehicleSpecSrv.js
Symlinking /home/c104/catkin_ws/devel/share/gennodejs/ros/morai_msgs/srv/MoraiSyncModeAddObjectSrv.js
Symlinking /home/c104/catkin_ws/devel/share/gennodejs/ros/morai_msgs/srv/_index.js
Symlinking /home/c104/catkin_ws/devel/share/gennodejs/ros/morai_msgs/srv/MoraiSyncModeRemoveObjectSrv.js
Symlinking /home/c104/catkin_ws/devel/share/gennodejs/ros/morai_msgs/srv/MoraiSyncModeCmdSrv.js
Symlinking /home/c104/catkin_ws/devel/share/gennodejs/ros/morai_msgs/srv/MoraiEventCmdSrv.js
Symlinking /home/c104/catkin_ws/devel/share/gennodejs/ros/morai_msgs/srv/MoraiMapSpecSrv.js
Symlinking /home/c104/catkin_ws/devel/share/gennodejs/ros/morai_msgs/srv/PREventSrv.js
Symlinking /home/c104/catkin_ws/devel/share/gennodejs/ros/morai_msgs/srv/MoraiTLInfoSrv.js
Symlinking /home/c104/catkin_ws/devel/share/gennodejs/ros/morai_msgs/srv/MoraiWaitForTickSrv.js
Symlinking /home/c104/catkin_ws/devel/share/gennodejs/ros/morai_msgs/srv/MoraiSyncModeCtrlCmdSrv.js
Symlinking /home/c104/catkin_ws/devel/share/gennodejs/ros/morai_msgs/srv/MoraiSimpProcSrv.js
