[  0%] Built target geometry_msgs_generate_messages_py
[  0%] Built target std_msgs_generate_messages_py
[  0%] Built target _morai_msgs_generate_messages_check_deps_EgoVehicleStatus
[  0%] Built target _morai_msgs_generate_messages_check_deps_EgoVehicleStatusExtended
[  0%] Built target _morai_msgs_generate_messages_check_deps_MoraiSyncModeRemoveObjectSrv
[  0%] Built target _morai_msgs_generate_messages_check_deps_GPSMessage
[  0%] Built target _morai_msgs_generate_messages_check_deps_CtrlCmd
[  0%] Built target _morai_msgs_generate_messages_check_deps_GhostMessage
[  0%] Built target _morai_msgs_generate_messages_check_deps_ObjectStatusList
[  0%] Built target _morai_msgs_generate_messages_check_deps_ObjectStatusListExtended
[  0%] Built target _morai_msgs_generate_messages_check_deps_ObjectStatusExtended
[  0%] Built target _morai_msgs_generate_messages_check_deps_ERP42Info
[  0%] Built target _morai_msgs_generate_messages_check_deps_ObjectStatus
[  0%] Built target _morai_msgs_generate_messages_check_deps_TrafficLight
[  0%] Built target _morai_msgs_generate_messages_check_deps_GetTrafficLightStatus
[  0%] Built target _morai_msgs_generate_messages_check_deps_IntersectionControl
[  0%] Built target _morai_msgs_generate_messages_check_deps_IntersectionStatus
[  0%] Built target _morai_msgs_generate_messages_check_deps_SetTrafficLight
[  0%] Built target _morai_msgs_generate_messages_check_deps_CollisionData
[  0%] Built target _morai_msgs_generate_messages_check_deps_IntscnTL
[  0%] Built target _morai_msgs_generate_messages_check_deps_MultiEgoSetting
[  0%] Built target _morai_msgs_generate_messages_check_deps_MoraiSimProcStatus
[  0%] Built target _morai_msgs_generate_messages_check_deps_SensorPosControl
[  0%] Built target _morai_msgs_generate_messages_check_deps_MoraiSimProcHandle
[  0%] Built target _morai_msgs_generate_messages_check_deps_MoraiSrvResponse
[  0%] Built target _morai_msgs_generate_messages_check_deps_MoraiTLIndex
[  0%] Built target _morai_msgs_generate_messages_check_deps_ReplayInfo
[  0%] Built target _morai_msgs_generate_messages_check_deps_ScenarioLoad
[  0%] Built target _morai_msgs_generate_messages_check_deps_SaveSensorData
[  0%] Built target _morai_msgs_generate_messages_check_deps_EventInfo
[  0%] Built target _morai_msgs_generate_messages_check_deps_MoraiTLInfo
[  0%] Built target _morai_msgs_generate_messages_check_deps_Lamps
[  0%] Built target _morai_msgs_generate_messages_check_deps_VehicleSpecIndex
[  0%] Built target _morai_msgs_generate_messages_check_deps_NpcGhostCmd
[  0%] Built target _morai_msgs_generate_messages_check_deps_VehicleSpec
[  0%] Built target _morai_msgs_generate_messages_check_deps_VehicleCollisionData
[  0%] Built target _morai_msgs_generate_messages_check_deps_NpcGhostInfo
[  0%] Built target _morai_msgs_generate_messages_check_deps_VehicleCollision
[  0%] Built target _morai_msgs_generate_messages_check_deps_WaitForTickResponse
[  0%] Built target _morai_msgs_generate_messages_check_deps_SyncModeInfo
[  0%] Built target _morai_msgs_generate_messages_check_deps_SyncModeAddObject
[  0%] Built target _morai_msgs_generate_messages_check_deps_SyncModeCmd
[  0%] Built target _morai_msgs_generate_messages_check_deps_SyncModeCmdResponse
[  0%] Built target _morai_msgs_generate_messages_check_deps_MapSpecIndex
[  0%] Built target _morai_msgs_generate_messages_check_deps_WaitForTick
[  0%] Built target _morai_msgs_generate_messages_check_deps_MapSpec
[  0%] Built target _morai_msgs_generate_messages_check_deps_SyncModeCtrlCmd
[  0%] Built target _morai_msgs_generate_messages_check_deps_SyncModeRemoveObject
[  0%] Built target _morai_msgs_generate_messages_check_deps_SyncModeSetGear
[  0%] Built target _morai_msgs_generate_messages_check_deps_SyncModeScenarioLoad
[  0%] Built target _morai_msgs_generate_messages_check_deps_RadarDetection
[  0%] Built target _morai_msgs_generate_messages_check_deps_SyncModeResultResponse
[  0%] Built target _morai_msgs_generate_messages_check_deps_PRCtrlCmd
[  0%] Built target _morai_msgs_generate_messages_check_deps_RadarDetections
[  0%] Built target _morai_msgs_generate_messages_check_deps_PREvent
[  0%] Built target _morai_msgs_generate_messages_check_deps_PRStatus
[  0%] Built target _morai_msgs_generate_messages_check_deps_SkateboardStatus
[  0%] Built target _morai_msgs_generate_messages_check_deps_SkidSteer6wUGVCtrlCmd
[  0%] Built target _morai_msgs_generate_messages_check_deps_SkidSteer6wUGVStatus
[  0%] Built target _morai_msgs_generate_messages_check_deps_MoraiScenarioLoadSrv
[  0%] Built target _morai_msgs_generate_messages_check_deps_SkateboardCtrlCmd
[  0%] Built target _morai_msgs_generate_messages_check_deps_MoraiSimpProcSrv
[  0%] Built target _morai_msgs_generate_messages_check_deps_MoraiTLInfoSrv
[  0%] Built target _morai_msgs_generate_messages_check_deps_MoraiEventCmdSrv
[  0%] Built target _morai_msgs_generate_messages_check_deps_MoraiVehicleSpecSrv
[  0%] Built target _morai_msgs_generate_messages_check_deps_MoraiSyncModeCmdSrv
[  0%] Built target _morai_msgs_generate_messages_check_deps_MoraiWaitForTickSrv
[  0%] Built target _morai_msgs_generate_messages_check_deps_MoraiMapSpecSrv
[  0%] Built target _morai_msgs_generate_messages_check_deps_MoraiSyncModeSLSrv
[  0%] Built target _morai_msgs_generate_messages_check_deps_MoraiSyncModeCtrlCmdSrv
[  0%] Built target _morai_msgs_generate_messages_check_deps_PREventSrv
[  0%] Built target _morai_msgs_generate_messages_check_deps_MoraiSyncModeSetGearSrv
[  0%] Built target std_msgs_generate_messages_cpp
[  0%] Built target geometry_msgs_generate_messages_cpp
[  0%] Built target geometry_msgs_generate_messages_eus
[  0%] Built target std_msgs_generate_messages_lisp
[  0%] Built target std_msgs_generate_messages_eus
[  0%] Built target geometry_msgs_generate_messages_lisp
[  0%] Built target geometry_msgs_generate_messages_nodejs
[  0%] Built target std_msgs_generate_messages_nodejs
[  0%] Built target _morai_msgs_generate_messages_check_deps_MoraiSyncModeAddObjectSrv
[  0%] [34m[1mGenerating C++ code from morai_msgs/EgoVehicleStatusExtended.msg[0m
[  0%] [34m[1mGenerating C++ code from morai_msgs/CtrlCmd.msg[0m
[  0%] [34m[1mGenerating C++ code from morai_msgs/EgoVehicleStatus.msg[0m
[  0%] [34m[1mGenerating EusLisp code from morai_msgs/CtrlCmd.msg[0m
[  0%] [34m[1mGenerating Lisp code from morai_msgs/CtrlCmd.msg[0m
[  0%] [34m[1mGenerating Python from MSG morai_msgs/CtrlCmd[0m
[  1%] [34m[1mGenerating Javascript code from morai_msgs/CtrlCmd.msg[0m
[  1%] [34m[1mGenerating Lisp code from morai_msgs/EgoVehicleStatus.msg[0m
[  1%] [34m[1mGenerating EusLisp code from morai_msgs/EgoVehicleStatus.msg[0m
[  1%] [34m[1mGenerating Javascript code from morai_msgs/EgoVehicleStatus.msg[0m
[  2%] [34m[1mGenerating C++ code from morai_msgs/GPSMessage.msg[0m
[  2%] [34m[1mGenerating C++ code from morai_msgs/GhostMessage.msg[0m
[  2%] [34m[1mGenerating Lisp code from morai_msgs/EgoVehicleStatusExtended.msg[0m
[  2%] [34m[1mGenerating C++ code from morai_msgs/ObjectStatusList.msg[0m
[  3%] [34m[1mGenerating Javascript code from morai_msgs/EgoVehicleStatusExtended.msg[0m
[  4%] [34m[1mGenerating Python from MSG morai_msgs/EgoVehicleStatus[0m
[  5%] [34m[1mGenerating Lisp code from morai_msgs/GPSMessage.msg[0m
[  6%] [34m[1mGenerating EusLisp code from morai_msgs/EgoVehicleStatusExtended.msg[0m
[  6%] [34m[1mGenerating Javascript code from morai_msgs/GPSMessage.msg[0m
[  6%] [34m[1mGenerating C++ code from morai_msgs/ObjectStatus.msg[0m
[  6%] [34m[1mGenerating Lisp code from morai_msgs/GhostMessage.msg[0m
[  6%] [34m[1mGenerating C++ code from morai_msgs/ObjectStatusExtended.msg[0m
[  6%] [34m[1mGenerating Lisp code from morai_msgs/ObjectStatusList.msg[0m
[  7%] [34m[1mGenerating Javascript code from morai_msgs/GhostMessage.msg[0m
[  7%] [34m[1mGenerating Lisp code from morai_msgs/ObjectStatus.msg[0m
[  7%] [34m[1mGenerating EusLisp code from morai_msgs/GPSMessage.msg[0m
[  7%] [34m[1mGenerating Python from MSG morai_msgs/EgoVehicleStatusExtended[0m
[  8%] [34m[1mGenerating Lisp code from morai_msgs/ObjectStatusExtended.msg[0m
[  8%] [34m[1mGenerating Javascript code from morai_msgs/ObjectStatusList.msg[0m
[  9%] [34m[1mGenerating Javascript code from morai_msgs/ObjectStatus.msg[0m
[ 10%] [34m[1mGenerating C++ code from morai_msgs/ObjectStatusListExtended.msg[0m
[ 10%] [34m[1mGenerating C++ code from morai_msgs/TrafficLight.msg[0m
[ 10%] [34m[1mGenerating Lisp code from morai_msgs/ObjectStatusListExtended.msg[0m
[ 10%] [34m[1mGenerating EusLisp code from morai_msgs/GhostMessage.msg[0m
[ 10%] [34m[1mGenerating Javascript code from morai_msgs/ObjectStatusExtended.msg[0m
[ 11%] [34m[1mGenerating Javascript code from morai_msgs/ObjectStatusListExtended.msg[0m
[ 12%] [34m[1mGenerating Lisp code from morai_msgs/ERP42Info.msg[0m
[ 13%] [34m[1mGenerating Lisp code from morai_msgs/TrafficLight.msg[0m
[ 13%] [34m[1mGenerating Python from MSG morai_msgs/GPSMessage[0m
[ 13%] [34m[1mGenerating Javascript code from morai_msgs/TrafficLight.msg[0m
[ 13%] [34m[1mGenerating EusLisp code from morai_msgs/ObjectStatusList.msg[0m
[ 14%] [34m[1mGenerating C++ code from morai_msgs/ERP42Info.msg[0m
[ 14%] [34m[1mGenerating Lisp code from morai_msgs/GetTrafficLightStatus.msg[0m
[ 14%] [34m[1mGenerating Lisp code from morai_msgs/SetTrafficLight.msg[0m
[ 14%] [34m[1mGenerating C++ code from morai_msgs/GetTrafficLightStatus.msg[0m
[ 14%] [34m[1mGenerating Javascript code from morai_msgs/ERP42Info.msg[0m
[ 14%] [34m[1mGenerating Lisp code from morai_msgs/IntersectionControl.msg[0m
[ 15%] [34m[1mGenerating Lisp code from morai_msgs/IntersectionStatus.msg[0m
[ 15%] [34m[1mGenerating EusLisp code from morai_msgs/ObjectStatus.msg[0m
[ 15%] [34m[1mGenerating Javascript code from morai_msgs/GetTrafficLightStatus.msg[0m
[ 15%] [34m[1mGenerating Javascript code from morai_msgs/SetTrafficLight.msg[0m
[ 15%] [34m[1mGenerating Python from MSG morai_msgs/GhostMessage[0m
[ 15%] [34m[1mGenerating Lisp code from morai_msgs/CollisionData.msg[0m
[ 16%] [34m[1mGenerating C++ code from morai_msgs/SetTrafficLight.msg[0m
[ 16%] [34m[1mGenerating C++ code from morai_msgs/IntersectionControl.msg[0m
[ 16%] [34m[1mGenerating Javascript code from morai_msgs/IntersectionControl.msg[0m
[ 16%] [34m[1mGenerating Javascript code from morai_msgs/IntersectionStatus.msg[0m
[ 16%] [34m[1mGenerating EusLisp code from morai_msgs/ObjectStatusExtended.msg[0m
[ 16%] [34m[1mGenerating Lisp code from morai_msgs/MultiEgoSetting.msg[0m
[ 16%] [34m[1mGenerating Javascript code from morai_msgs/CollisionData.msg[0m
[ 16%] [34m[1mGenerating Javascript code from morai_msgs/MultiEgoSetting.msg[0m
[ 16%] [34m[1mGenerating Javascript code from morai_msgs/IntscnTL.msg[0m
[ 17%] [34m[1mGenerating C++ code from morai_msgs/IntersectionStatus.msg[0m
[ 17%] [34m[1mGenerating Lisp code from morai_msgs/IntscnTL.msg[0m
[ 17%] [34m[1mGenerating Javascript code from morai_msgs/SensorPosControl.msg[0m
[ 18%] [34m[1mGenerating Javascript code from morai_msgs/MoraiSimProcHandle.msg[0m
[ 19%] [34m[1mGenerating EusLisp code from morai_msgs/ObjectStatusListExtended.msg[0m
[ 19%] [34m[1mGenerating Javascript code from morai_msgs/MoraiSimProcStatus.msg[0m
[ 20%] [34m[1mGenerating Python from MSG morai_msgs/ObjectStatusList[0m
[ 21%] [34m[1mGenerating Lisp code from morai_msgs/SensorPosControl.msg[0m
[ 21%] [34m[1mGenerating Javascript code from morai_msgs/MoraiSrvResponse.msg[0m
[ 22%] [34m[1mGenerating Javascript code from morai_msgs/ScenarioLoad.msg[0m
[ 22%] [34m[1mGenerating Javascript code from morai_msgs/MoraiTLIndex.msg[0m
[ 22%] [34m[1mGenerating C++ code from morai_msgs/CollisionData.msg[0m
[ 22%] [34m[1mGenerating Lisp code from morai_msgs/MoraiSimProcHandle.msg[0m
[ 22%] [34m[1mGenerating Javascript code from morai_msgs/SaveSensorData.msg[0m
[ 22%] [34m[1mGenerating EusLisp code from morai_msgs/TrafficLight.msg[0m
[ 23%] [34m[1mGenerating Javascript code from morai_msgs/MoraiTLInfo.msg[0m
[ 23%] [34m[1mGenerating Javascript code from morai_msgs/ReplayInfo.msg[0m
[ 24%] [34m[1mGenerating Javascript code from morai_msgs/Lamps.msg[0m
[ 24%] [34m[1mGenerating Lisp code from morai_msgs/MoraiSimProcStatus.msg[0m
[ 24%] [34m[1mGenerating Javascript code from morai_msgs/EventInfo.msg[0m
[ 24%] [34m[1mGenerating Javascript code from morai_msgs/VehicleSpec.msg[0m
[ 24%] [34m[1mGenerating Python from MSG morai_msgs/ObjectStatus[0m
[ 24%] [34m[1mGenerating EusLisp code from morai_msgs/ERP42Info.msg[0m
[ 24%] [34m[1mGenerating Javascript code from morai_msgs/VehicleSpecIndex.msg[0m
[ 24%] [34m[1mGenerating C++ code from morai_msgs/MultiEgoSetting.msg[0m
[ 24%] [34m[1mGenerating Javascript code from morai_msgs/NpcGhostCmd.msg[0m
[ 24%] [34m[1mGenerating C++ code from morai_msgs/IntscnTL.msg[0m
[ 25%] [34m[1mGenerating Lisp code from morai_msgs/MoraiSrvResponse.msg[0m
[ 25%] [34m[1mGenerating Javascript code from morai_msgs/NpcGhostInfo.msg[0m
[ 26%] [34m[1mGenerating EusLisp code from morai_msgs/GetTrafficLightStatus.msg[0m
[ 27%] [34m[1mGenerating Javascript code from morai_msgs/VehicleCollisionData.msg[0m
[ 27%] [34m[1mGenerating Python from MSG morai_msgs/ObjectStatusExtended[0m
[ 27%] [34m[1mGenerating Lisp code from morai_msgs/ScenarioLoad.msg[0m
[ 27%] [34m[1mGenerating Javascript code from morai_msgs/VehicleCollision.msg[0m
[ 27%] [34m[1mGenerating C++ code from morai_msgs/SensorPosControl.msg[0m
[ 28%] [34m[1mGenerating Javascript code from morai_msgs/SyncModeAddObject.msg[0m
[ 28%] [34m[1mGenerating C++ code from morai_msgs/MoraiSimProcHandle.msg[0m
[ 28%] [34m[1mGenerating Lisp code from morai_msgs/MoraiTLIndex.msg[0m
[ 28%] [34m[1mGenerating EusLisp code from morai_msgs/SetTrafficLight.msg[0m
[ 29%] [34m[1mGenerating Javascript code from morai_msgs/SyncModeInfo.msg[0m
[ 30%] [34m[1mGenerating Javascript code from morai_msgs/WaitForTickResponse.msg[0m
[ 30%] [34m[1mGenerating Lisp code from morai_msgs/MoraiTLInfo.msg[0m
[ 30%] [34m[1mGenerating Python from MSG morai_msgs/ObjectStatusListExtended[0m
[ 30%] [34m[1mGenerating C++ code from morai_msgs/MoraiSimProcStatus.msg[0m
[ 30%] [34m[1mGenerating Javascript code from morai_msgs/SyncModeCmd.msg[0m
[ 30%] [34m[1mGenerating EusLisp code from morai_msgs/IntersectionControl.msg[0m
[ 30%] [34m[1mGenerating Javascript code from morai_msgs/SyncModeRemoveObject.msg[0m
[ 31%] [34m[1mGenerating C++ code from morai_msgs/MoraiSrvResponse.msg[0m
[ 31%] [34m[1mGenerating Lisp code from morai_msgs/SaveSensorData.msg[0m
[ 31%] [34m[1mGenerating Javascript code from morai_msgs/SyncModeCmdResponse.msg[0m
[ 31%] [34m[1mGenerating C++ code from morai_msgs/ScenarioLoad.msg[0m
[ 31%] [34m[1mGenerating Lisp code from morai_msgs/ReplayInfo.msg[0m
[ 31%] [34m[1mGenerating EusLisp code from morai_msgs/IntersectionStatus.msg[0m
[ 31%] [34m[1mGenerating Javascript code from morai_msgs/WaitForTick.msg[0m
[ 31%] [34m[1mGenerating Python from MSG morai_msgs/TrafficLight[0m
[ 31%] [34m[1mGenerating Python from MSG morai_msgs/ERP42Info[0m
[ 31%] [34m[1mGenerating Lisp code from morai_msgs/EventInfo.msg[0m
[ 32%] [34m[1mGenerating C++ code from morai_msgs/MoraiTLIndex.msg[0m
[ 33%] [34m[1mGenerating EusLisp code from morai_msgs/CollisionData.msg[0m
[ 33%] [34m[1mGenerating Javascript code from morai_msgs/MapSpec.msg[0m
[ 33%] [34m[1mGenerating C++ code from morai_msgs/MoraiTLInfo.msg[0m
[ 33%] [34m[1mGenerating Lisp code from morai_msgs/Lamps.msg[0m
[ 33%] [34m[1mGenerating Javascript code from morai_msgs/MapSpecIndex.msg[0m
[ 33%] [34m[1mGenerating EusLisp code from morai_msgs/MultiEgoSetting.msg[0m
[ 34%] [34m[1mGenerating Python from MSG morai_msgs/GetTrafficLightStatus[0m
[ 34%] [34m[1mGenerating Javascript code from morai_msgs/SyncModeCtrlCmd.msg[0m
[ 35%] [34m[1mGenerating Lisp code from morai_msgs/VehicleSpec.msg[0m
[ 36%] [34m[1mGenerating Python from MSG morai_msgs/SetTrafficLight[0m
[ 36%] [34m[1mGenerating Python from MSG morai_msgs/IntersectionControl[0m
[ 36%] [34m[1mGenerating C++ code from morai_msgs/SaveSensorData.msg[0m
[ 36%] [34m[1mGenerating Javascript code from morai_msgs/SyncModeSetGear.msg[0m
[ 36%] [34m[1mGenerating Lisp code from morai_msgs/VehicleSpecIndex.msg[0m
[ 37%] [34m[1mGenerating EusLisp code from morai_msgs/IntscnTL.msg[0m
[ 38%] [34m[1mGenerating Lisp code from morai_msgs/NpcGhostCmd.msg[0m
[ 38%] [34m[1mGenerating Javascript code from morai_msgs/SyncModeResultResponse.msg[0m
[ 39%] [34m[1mGenerating Python from MSG morai_msgs/IntersectionStatus[0m
[ 40%] [34m[1mGenerating C++ code from morai_msgs/ReplayInfo.msg[0m
[ 40%] [34m[1mGenerating EusLisp code from morai_msgs/SensorPosControl.msg[0m
[ 40%] [34m[1mGenerating Python from MSG morai_msgs/CollisionData[0m
[ 40%] [34m[1mGenerating Python from MSG morai_msgs/MultiEgoSetting[0m
[ 40%] [34m[1mGenerating Lisp code from morai_msgs/NpcGhostInfo.msg[0m
[ 40%] [34m[1mGenerating Lisp code from morai_msgs/VehicleCollisionData.msg[0m
[ 41%] [34m[1mGenerating Javascript code from morai_msgs/SyncModeScenarioLoad.msg[0m
[ 41%] [34m[1mGenerating Lisp code from morai_msgs/VehicleCollision.msg[0m
[ 42%] [34m[1mGenerating Javascript code from morai_msgs/RadarDetection.msg[0m
[ 42%] [34m[1mGenerating Lisp code from morai_msgs/SyncModeAddObject.msg[0m
[ 43%] [34m[1mGenerating EusLisp code from morai_msgs/MoraiSimProcHandle.msg[0m
[ 43%] [34m[1mGenerating Lisp code from morai_msgs/SyncModeInfo.msg[0m
[ 43%] [34m[1mGenerating Python from MSG morai_msgs/IntscnTL[0m
[ 43%] [34m[1mGenerating C++ code from morai_msgs/EventInfo.msg[0m
[ 43%] [34m[1mGenerating Javascript code from morai_msgs/RadarDetections.msg[0m
[ 43%] [34m[1mGenerating Lisp code from morai_msgs/WaitForTickResponse.msg[0m
[ 43%] [34m[1mGenerating Python from MSG morai_msgs/SensorPosControl[0m
[ 44%] [34m[1mGenerating Lisp code from morai_msgs/SyncModeCmd.msg[0m
[ 44%] [34m[1mGenerating Javascript code from morai_msgs/PRStatus.msg[0m
[ 45%] [34m[1mGenerating Lisp code from morai_msgs/SyncModeRemoveObject.msg[0m
[ 45%] [34m[1mGenerating EusLisp code from morai_msgs/MoraiSimProcStatus.msg[0m
[ 45%] [34m[1mGenerating Lisp code from morai_msgs/SyncModeCmdResponse.msg[0m
[ 45%] [34m[1mGenerating Javascript code from morai_msgs/PRCtrlCmd.msg[0m
[ 45%] [34m[1mGenerating Lisp code from morai_msgs/WaitForTick.msg[0m
[ 45%] [34m[1mGenerating C++ code from morai_msgs/Lamps.msg[0m
[ 46%] [34m[1mGenerating Lisp code from morai_msgs/MapSpec.msg[0m
[ 46%] [34m[1mGenerating Python from MSG morai_msgs/MoraiSimProcHandle[0m
[ 46%] [34m[1mGenerating Lisp code from morai_msgs/MapSpecIndex.msg[0m
[ 46%] [34m[1mGenerating Javascript code from morai_msgs/PREvent.msg[0m
[ 46%] [34m[1mGenerating Python from MSG morai_msgs/MoraiSimProcStatus[0m
[ 46%] [34m[1mGenerating Lisp code from morai_msgs/SyncModeCtrlCmd.msg[0m
[ 46%] [34m[1mGenerating Python from MSG morai_msgs/MoraiSrvResponse[0m
[ 46%] [34m[1mGenerating EusLisp code from morai_msgs/MoraiSrvResponse.msg[0m
[ 46%] [34m[1mGenerating Lisp code from morai_msgs/SyncModeSetGear.msg[0m
[ 47%] [34m[1mGenerating Javascript code from morai_msgs/SkateboardCtrlCmd.msg[0m
[ 47%] [34m[1mGenerating C++ code from morai_msgs/VehicleSpec.msg[0m
[ 47%] [34m[1mGenerating Lisp code from morai_msgs/SyncModeResultResponse.msg[0m
[ 47%] [34m[1mGenerating Javascript code from morai_msgs/SkateboardStatus.msg[0m
[ 47%] [34m[1mGenerating Javascript code from morai_msgs/SkidSteer6wUGVCtrlCmd.msg[0m
[ 47%] [34m[1mGenerating EusLisp code from morai_msgs/ScenarioLoad.msg[0m
[ 47%] [34m[1mGenerating Python from MSG morai_msgs/ScenarioLoad[0m
[ 47%] [34m[1mGenerating Lisp code from morai_msgs/SyncModeScenarioLoad.msg[0m
[ 47%] [34m[1mGenerating Javascript code from morai_msgs/SkidSteer6wUGVStatus.msg[0m
[ 48%] [34m[1mGenerating Javascript code from morai_msgs/MoraiScenarioLoadSrv.srv[0m
[ 50%] [34m[1mGenerating C++ code from morai_msgs/VehicleSpecIndex.msg[0m
[ 51%] [34m[1mGenerating Python from MSG morai_msgs/MoraiTLIndex[0m
[ 51%] [34m[1mGenerating Javascript code from morai_msgs/MoraiSimpProcSrv.srv[0m
[ 52%] [34m[1mGenerating Javascript code from morai_msgs/MoraiTLInfoSrv.srv[0m
[ 52%] [34m[1mGenerating Lisp code from morai_msgs/RadarDetection.msg[0m
[ 52%] [34m[1mGenerating Javascript code from morai_msgs/MoraiEventCmdSrv.srv[0m
[ 53%] [34m[1mGenerating EusLisp code from morai_msgs/MoraiTLIndex.msg[0m
[ 53%] [34m[1mGenerating Javascript code from morai_msgs/MoraiVehicleSpecSrv.srv[0m
[ 53%] [34m[1mGenerating Javascript code from morai_msgs/MoraiSyncModeCmdSrv.srv[0m
[ 54%] [34m[1mGenerating Lisp code from morai_msgs/RadarDetections.msg[0m
[ 55%] [34m[1mGenerating C++ code from morai_msgs/NpcGhostInfo.msg[0m
[ 55%] [34m[1mGenerating C++ code from morai_msgs/NpcGhostCmd.msg[0m
[ 55%] [34m[1mGenerating Python from MSG morai_msgs/MoraiTLInfo[0m
[ 55%] [34m[1mGenerating Javascript code from morai_msgs/MoraiWaitForTickSrv.srv[0m
[ 55%] [34m[1mGenerating EusLisp code from morai_msgs/MoraiTLInfo.msg[0m
[ 55%] [34m[1mGenerating Lisp code from morai_msgs/PRStatus.msg[0m
[ 55%] [34m[1mGenerating Javascript code from morai_msgs/MoraiMapSpecSrv.srv[0m
[ 55%] [34m[1mGenerating Python from MSG morai_msgs/SaveSensorData[0m
[ 55%] [34m[1mGenerating Lisp code from morai_msgs/PRCtrlCmd.msg[0m
[ 56%] [34m[1mGenerating Javascript code from morai_msgs/MoraiSyncModeCtrlCmdSrv.srv[0m
[ 56%] [34m[1mGenerating Javascript code from morai_msgs/MoraiSyncModeSetGearSrv.srv[0m
[ 57%] [34m[1mGenerating EusLisp code from morai_msgs/SaveSensorData.msg[0m
[ 57%] [34m[1mGenerating C++ code from morai_msgs/VehicleCollisionData.msg[0m
[ 58%] [34m[1mGenerating C++ code from morai_msgs/VehicleCollision.msg[0m
[ 58%] [34m[1mGenerating Javascript code from morai_msgs/MoraiSyncModeSLSrv.srv[0m
[ 59%] [34m[1mGenerating Lisp code from morai_msgs/PREvent.msg[0m
[ 60%] [34m[1mGenerating Python from MSG morai_msgs/ReplayInfo[0m
[ 60%] [34m[1mGenerating EusLisp code from morai_msgs/ReplayInfo.msg[0m
[ 60%] [34m[1mGenerating EusLisp code from morai_msgs/EventInfo.msg[0m
[ 61%] [34m[1mGenerating Javascript code from morai_msgs/PREventSrv.srv[0m
[ 61%] [34m[1mGenerating Lisp code from morai_msgs/SkateboardCtrlCmd.msg[0m
[ 61%] [34m[1mGenerating Python from MSG morai_msgs/EventInfo[0m
[ 61%] [34m[1mGenerating C++ code from morai_msgs/SyncModeAddObject.msg[0m
[ 61%] [34m[1mGenerating Javascript code from morai_msgs/MoraiSyncModeAddObjectSrv.srv[0m
[ 61%] [34m[1mGenerating Lisp code from morai_msgs/SkateboardStatus.msg[0m
[ 61%] [34m[1mGenerating C++ code from morai_msgs/SyncModeInfo.msg[0m
[ 61%] [34m[1mGenerating EusLisp code from morai_msgs/Lamps.msg[0m
[ 61%] [34m[1mGenerating EusLisp code from morai_msgs/VehicleSpec.msg[0m
[ 61%] [34m[1mGenerating Javascript code from morai_msgs/MoraiSyncModeRemoveObjectSrv.srv[0m
[ 62%] [34m[1mGenerating Lisp code from morai_msgs/SkidSteer6wUGVCtrlCmd.msg[0m
[ 62%] [34m[1mGenerating C++ code from morai_msgs/WaitForTickResponse.msg[0m
[ 62%] [34m[1mGenerating C++ code from morai_msgs/SyncModeCmd.msg[0m
[ 62%] [34m[1mGenerating EusLisp code from morai_msgs/VehicleSpecIndex.msg[0m
[ 62%] Built target morai_msgs_generate_messages_nodejs
[ 62%] [34m[1mGenerating EusLisp code from morai_msgs/NpcGhostCmd.msg[0m
[ 62%] [34m[1mGenerating Python from MSG morai_msgs/Lamps[0m
[ 62%] [34m[1mGenerating C++ code from morai_msgs/SyncModeRemoveObject.msg[0m
[ 62%] [34m[1mGenerating Python from MSG morai_msgs/VehicleSpec[0m
[ 62%] [34m[1mGenerating Lisp code from morai_msgs/SkidSteer6wUGVStatus.msg[0m
[ 62%] [34m[1mGenerating Lisp code from morai_msgs/MoraiScenarioLoadSrv.srv[0m
[ 63%] [34m[1mGenerating EusLisp code from morai_msgs/NpcGhostInfo.msg[0m
[ 63%] [34m[1mGenerating EusLisp code from morai_msgs/VehicleCollisionData.msg[0m
[ 64%] [34m[1mGenerating C++ code from morai_msgs/SyncModeCmdResponse.msg[0m
[ 64%] [34m[1mGenerating C++ code from morai_msgs/WaitForTick.msg[0m
[ 64%] [34m[1mGenerating Lisp code from morai_msgs/MoraiSimpProcSrv.srv[0m
[ 65%] [34m[1mGenerating C++ code from morai_msgs/MapSpec.msg[0m
[ 66%] [34m[1mGenerating Python from MSG morai_msgs/VehicleSpecIndex[0m
[ 67%] [34m[1mGenerating Python from MSG morai_msgs/NpcGhostCmd[0m
[ 67%] [34m[1mGenerating Python from MSG morai_msgs/NpcGhostInfo[0m
[ 68%] [34m[1mGenerating Lisp code from morai_msgs/MoraiTLInfoSrv.srv[0m
[ 68%] [34m[1mGenerating EusLisp code from morai_msgs/VehicleCollision.msg[0m
[ 68%] [34m[1mGenerating C++ code from morai_msgs/MapSpecIndex.msg[0m
[ 69%] [34m[1mGenerating Lisp code from morai_msgs/MoraiEventCmdSrv.srv[0m
[ 69%] [34m[1mGenerating C++ code from morai_msgs/SyncModeCtrlCmd.msg[0m
[ 69%] [34m[1mGenerating EusLisp code from morai_msgs/SyncModeAddObject.msg[0m
[ 70%] [34m[1mGenerating Lisp code from morai_msgs/MoraiVehicleSpecSrv.srv[0m
[ 70%] [34m[1mGenerating C++ code from morai_msgs/SyncModeSetGear.msg[0m
[ 70%] [34m[1mGenerating Python from MSG morai_msgs/VehicleCollisionData[0m
[ 70%] [34m[1mGenerating Python from MSG morai_msgs/SyncModeAddObject[0m
[ 71%] [34m[1mGenerating Python from MSG morai_msgs/VehicleCollision[0m
[ 71%] [34m[1mGenerating Lisp code from morai_msgs/MoraiSyncModeCmdSrv.srv[0m
[ 72%] [34m[1mGenerating C++ code from morai_msgs/SyncModeResultResponse.msg[0m
[ 72%] [34m[1mGenerating EusLisp code from morai_msgs/SyncModeInfo.msg[0m
[ 72%] [34m[1mGenerating C++ code from morai_msgs/SyncModeScenarioLoad.msg[0m
[ 72%] [34m[1mGenerating Lisp code from morai_msgs/MoraiWaitForTickSrv.srv[0m
[ 72%] [34m[1mGenerating C++ code from morai_msgs/RadarDetection.msg[0m
[ 72%] [34m[1mGenerating C++ code from morai_msgs/RadarDetections.msg[0m
[ 72%] [34m[1mGenerating Lisp code from morai_msgs/MoraiMapSpecSrv.srv[0m
[ 72%] [34m[1mGenerating EusLisp code from morai_msgs/WaitForTickResponse.msg[0m
[ 72%] [34m[1mGenerating Python from MSG morai_msgs/SyncModeInfo[0m
[ 72%] [34m[1mGenerating Python from MSG morai_msgs/WaitForTickResponse[0m
[ 72%] [34m[1mGenerating Lisp code from morai_msgs/MoraiSyncModeCtrlCmdSrv.srv[0m
[ 73%] [34m[1mGenerating C++ code from morai_msgs/PRStatus.msg[0m
[ 73%] [34m[1mGenerating Python from MSG morai_msgs/SyncModeCmd[0m
[ 73%] [34m[1mGenerating EusLisp code from morai_msgs/SyncModeCmd.msg[0m
[ 73%] [34m[1mGenerating Lisp code from morai_msgs/MoraiSyncModeSetGearSrv.srv[0m
[ 73%] [34m[1mGenerating C++ code from morai_msgs/PRCtrlCmd.msg[0m
[ 73%] [34m[1mGenerating Lisp code from morai_msgs/MoraiSyncModeSLSrv.srv[0m
[ 73%] [34m[1mGenerating Lisp code from morai_msgs/PREventSrv.srv[0m
[ 74%] [34m[1mGenerating Lisp code from morai_msgs/MoraiSyncModeAddObjectSrv.srv[0m
[ 74%] [34m[1mGenerating C++ code from morai_msgs/PREvent.msg[0m
[ 74%] [34m[1mGenerating EusLisp code from morai_msgs/SyncModeRemoveObject.msg[0m
[ 74%] [34m[1mGenerating Python from MSG morai_msgs/SyncModeRemoveObject[0m
[ 75%] [34m[1mGenerating Lisp code from morai_msgs/MoraiSyncModeRemoveObjectSrv.srv[0m
[ 75%] [34m[1mGenerating C++ code from morai_msgs/SkateboardCtrlCmd.msg[0m
[ 76%] [34m[1mGenerating Python from MSG morai_msgs/SyncModeCmdResponse[0m
[ 76%] [34m[1mGenerating Python from MSG morai_msgs/WaitForTick[0m
[ 76%] [34m[1mGenerating Python from MSG morai_msgs/MapSpec[0m
[ 76%] Built target morai_msgs_generate_messages_lisp
[ 77%] [34m[1mGenerating EusLisp code from morai_msgs/WaitForTick.msg[0m
[ 77%] [34m[1mGenerating EusLisp code from morai_msgs/SyncModeCmdResponse.msg[0m
[ 77%] [34m[1mGenerating C++ code from morai_msgs/SkateboardStatus.msg[0m
[ 78%] [34m[1mGenerating Python from MSG morai_msgs/MapSpecIndex[0m
[ 78%] [34m[1mGenerating C++ code from morai_msgs/SkidSteer6wUGVCtrlCmd.msg[0m
[ 78%] [34m[1mGenerating EusLisp code from morai_msgs/MapSpec.msg[0m
[ 78%] [34m[1mGenerating EusLisp code from morai_msgs/MapSpecIndex.msg[0m
[ 78%] [34m[1mGenerating Python from MSG morai_msgs/SyncModeCtrlCmd[0m
[ 78%] [34m[1mGenerating Python from MSG morai_msgs/SyncModeSetGear[0m
[ 79%] [34m[1mGenerating Python from MSG morai_msgs/SyncModeResultResponse[0m
[ 80%] [34m[1mGenerating EusLisp code from morai_msgs/SyncModeCtrlCmd.msg[0m
[ 80%] [34m[1mGenerating EusLisp code from morai_msgs/SyncModeSetGear.msg[0m
[ 81%] [34m[1mGenerating C++ code from morai_msgs/SkidSteer6wUGVStatus.msg[0m
[ 82%] [34m[1mGenerating C++ code from morai_msgs/MoraiScenarioLoadSrv.srv[0m
[ 82%] [34m[1mGenerating EusLisp code from morai_msgs/SyncModeResultResponse.msg[0m
[ 83%] [34m[1mGenerating EusLisp code from morai_msgs/SyncModeScenarioLoad.msg[0m
[ 83%] [34m[1mGenerating EusLisp code from morai_msgs/RadarDetection.msg[0m
[ 83%] [34m[1mGenerating Python from MSG morai_msgs/SyncModeScenarioLoad[0m
[ 83%] [34m[1mGenerating Python from MSG morai_msgs/RadarDetection[0m
[ 83%] [34m[1mGenerating EusLisp code from morai_msgs/RadarDetections.msg[0m
[ 83%] [34m[1mGenerating C++ code from morai_msgs/MoraiSimpProcSrv.srv[0m
[ 84%] [34m[1mGenerating EusLisp code from morai_msgs/PRStatus.msg[0m
[ 84%] [34m[1mGenerating EusLisp code from morai_msgs/PRCtrlCmd.msg[0m
[ 84%] [34m[1mGenerating EusLisp code from morai_msgs/PREvent.msg[0m
[ 85%] [34m[1mGenerating EusLisp code from morai_msgs/SkateboardCtrlCmd.msg[0m
[ 85%] [34m[1mGenerating C++ code from morai_msgs/MoraiTLInfoSrv.srv[0m
[ 85%] [34m[1mGenerating EusLisp code from morai_msgs/SkateboardStatus.msg[0m
[ 85%] [34m[1mGenerating EusLisp code from morai_msgs/SkidSteer6wUGVCtrlCmd.msg[0m
[ 85%] [34m[1mGenerating Python from MSG morai_msgs/RadarDetections[0m
[ 86%] [34m[1mGenerating EusLisp code from morai_msgs/SkidSteer6wUGVStatus.msg[0m
[ 87%] [34m[1mGenerating EusLisp code from morai_msgs/MoraiScenarioLoadSrv.srv[0m
[ 87%] [34m[1mGenerating EusLisp code from morai_msgs/MoraiSimpProcSrv.srv[0m
[ 87%] [34m[1mGenerating C++ code from morai_msgs/MoraiEventCmdSrv.srv[0m
[ 87%] [34m[1mGenerating EusLisp code from morai_msgs/MoraiEventCmdSrv.srv[0m
[ 87%] [34m[1mGenerating EusLisp code from morai_msgs/MoraiTLInfoSrv.srv[0m
[ 87%] [34m[1mGenerating EusLisp code from morai_msgs/MoraiVehicleSpecSrv.srv[0m
[ 88%] [34m[1mGenerating EusLisp code from morai_msgs/MoraiSyncModeCmdSrv.srv[0m
[ 88%] [34m[1mGenerating C++ code from morai_msgs/MoraiVehicleSpecSrv.srv[0m
[ 88%] [34m[1mGenerating EusLisp code from morai_msgs/MoraiWaitForTickSrv.srv[0m
[ 89%] [34m[1mGenerating Python from MSG morai_msgs/PRStatus[0m
[ 89%] [34m[1mGenerating EusLisp code from morai_msgs/MoraiMapSpecSrv.srv[0m
[ 89%] [34m[1mGenerating Python from MSG morai_msgs/PRCtrlCmd[0m
[ 89%] [34m[1mGenerating Python from MSG morai_msgs/PREvent[0m
[ 90%] [34m[1mGenerating EusLisp code from morai_msgs/MoraiSyncModeSetGearSrv.srv[0m
[ 90%] [34m[1mGenerating EusLisp code from morai_msgs/MoraiSyncModeCtrlCmdSrv.srv[0m
[ 90%] [34m[1mGenerating C++ code from morai_msgs/MoraiSyncModeCmdSrv.srv[0m
[ 90%] [34m[1mGenerating EusLisp code from morai_msgs/MoraiSyncModeSLSrv.srv[0m
[ 90%] [34m[1mGenerating Python from MSG morai_msgs/SkateboardCtrlCmd[0m
[ 91%] [34m[1mGenerating EusLisp code from morai_msgs/PREventSrv.srv[0m
[ 91%] [34m[1mGenerating EusLisp code from morai_msgs/MoraiSyncModeAddObjectSrv.srv[0m
[ 92%] [34m[1mGenerating C++ code from morai_msgs/MoraiWaitForTickSrv.srv[0m
[ 92%] [34m[1mGenerating EusLisp code from morai_msgs/MoraiSyncModeRemoveObjectSrv.srv[0m
[ 92%] [34m[1mGenerating Python from MSG morai_msgs/SkateboardStatus[0m
[ 92%] [34m[1mGenerating Python from MSG morai_msgs/SkidSteer6wUGVCtrlCmd[0m
[ 93%] [34m[1mGenerating Python from MSG morai_msgs/SkidSteer6wUGVStatus[0m
[ 93%] [34m[1mGenerating EusLisp manifest code for morai_msgs[0m
[ 93%] [34m[1mGenerating C++ code from morai_msgs/MoraiMapSpecSrv.srv[0m
[ 93%] [34m[1mGenerating Python code from SRV morai_msgs/MoraiScenarioLoadSrv[0m
[ 93%] [34m[1mGenerating Python code from SRV morai_msgs/MoraiSimpProcSrv[0m
[ 94%] [34m[1mGenerating C++ code from morai_msgs/MoraiSyncModeCtrlCmdSrv.srv[0m
[ 94%] [34m[1mGenerating Python code from SRV morai_msgs/MoraiTLInfoSrv[0m
[ 95%] [34m[1mGenerating Python code from SRV morai_msgs/MoraiEventCmdSrv[0m
[ 95%] [34m[1mGenerating Python code from SRV morai_msgs/MoraiSyncModeCmdSrv[0m
[ 95%] [34m[1mGenerating Python code from SRV morai_msgs/MoraiWaitForTickSrv[0m
[ 96%] [34m[1mGenerating Python code from SRV morai_msgs/MoraiVehicleSpecSrv[0m
[ 96%] [34m[1mGenerating C++ code from morai_msgs/MoraiSyncModeSetGearSrv.srv[0m
[ 96%] [34m[1mGenerating Python code from SRV morai_msgs/MoraiMapSpecSrv[0m
[ 96%] [34m[1mGenerating Python code from SRV morai_msgs/MoraiSyncModeCtrlCmdSrv[0m
[ 96%] [34m[1mGenerating Python code from SRV morai_msgs/MoraiSyncModeSetGearSrv[0m
[ 96%] [34m[1mGenerating Python code from SRV morai_msgs/MoraiSyncModeSLSrv[0m
[ 96%] [34m[1mGenerating Python code from SRV morai_msgs/PREventSrv[0m
[ 97%] [34m[1mGenerating Python code from SRV morai_msgs/MoraiSyncModeAddObjectSrv[0m
[ 97%] [34m[1mGenerating C++ code from morai_msgs/MoraiSyncModeSLSrv.srv[0m
[ 98%] [34m[1mGenerating Python code from SRV morai_msgs/MoraiSyncModeRemoveObjectSrv[0m
[ 98%] Built target morai_msgs_generate_messages_eus
[ 98%] [34m[1mGenerating C++ code from morai_msgs/MoraiSyncModeAddObjectSrv.srv[0m
[ 98%] [34m[1mGenerating C++ code from morai_msgs/PREventSrv.srv[0m
[ 98%] [34m[1mGenerating C++ code from morai_msgs/MoraiSyncModeRemoveObjectSrv.srv[0m
[ 98%] [34m[1mGenerating Python msg __init__.py for morai_msgs[0m
[100%] [34m[1mGenerating Python srv __init__.py for morai_msgs[0m
[100%] Built target morai_msgs_generate_messages_cpp
[100%] Built target morai_msgs_generate_messages_py
[100%] Built target morai_msgs_generate_messages
